C51 COMPILER V7.50   1616                                                                  05/04/2006 13:05:23 PAGE 1   


C51 COMPILER V7.50, COMPILATION OF MODULE 1616
OBJECT MODULE PLACED IN 1616.OBJ
COMPILER INVOKED BY: C:\Keil\C51\BIN\C51.EXE 1616.C BROWSE DEBUG OBJECTEXTEND

line level    source

   1          #include <atmel\regx52.h>
   2          
   3          #define int8 unsigned char
   4          #define int16 unsigned int
   5          #define int32 unsigned long 
   6          
   7          
   8          int8 flag;
   9          int8 n;
  10          int8 code table2[][32]={
  11          {0x00,0x00,0x00,0x00,0x00,0x00,0x00,0x00,0x00,0x00,0x00,0x00,0x00,0x00,0x00,0x00,0x00,0x00,0x00,0x00,0x00,
             -0x00,0x00,0x00,0x00,0x00,0x00,0x00,0x00,0x00,0x00,0x00},/* "  " */
  12          
  13          
  14          {0x04,0x28,0x08,0x24,0x32,0x22,0xC2,0x21,0xC2,0x26,0x34,0x38,0x04,0x04,0x08,0x18,0x30,0xF0,0xC0,0x17,0x60,
             -0x10,0x18,0x10,0x0C,0x14,0x06,0x18,0x04,0x10,0x00,0x00},/*"欢",0*/
  15          {0x02,0x02,0x04,0x82,0xF8,0x73,0x04,0x20,0x02,0x00,0xE2,0x3F,0x42,0x20,0x82,0x40,0x02,0x40,0xFA,0x3F,0x02,
             -0x20,0x42,0x20,0x22,0x20,0xC2,0x3F,0x02,0x00,0x00,0x00},/*"迎",1*/
  16          {0x00,0x01,0x04,0x02,0x1C,0x0C,0xC0,0x3F,0x1C,0xC0,0x02,0x09,0x02,0x16,0x92,0x60,0x4A,0x20,0x82,0x2F,0x02,
             -0x20,0x0E,0x24,0x00,0x22,0x90,0x31,0x0C,0x20,0x00,0x00},/*"您",2*/
  17          {0x44,0x10,0x44,0x14,0x88,0x54,0x88,0x54,0xD0,0x5F,0x30,0x50,0x60,0x50,0xFE,0x7F,0x40,0x50,0x20,0x90,0xB0,
             -0x9F,0x98,0x92,0x8C,0x94,0x88,0x34,0x80,0x11,0x00,0x00},/*"乘",3*/
  18          {0x82,0x00,0x02,0x01,0x22,0x06,0x22,0x38,0x22,0x04,0x22,0x03,0x22,0x00,0xFE,0xFF,0xA2,0x00,0x22,0x01,0x22,
             -0x02,0x22,0x3C,0x22,0x02,0x02,0x01,0x02,0x00,0x00,0x00},/*"坐",4*/
  19          {0x02,0x00,0x0C,0x00,0xF0,0x3F,0x00,0x20,0x00,0x20,0x00,0x20,0x00,0x20,0x00,0xA0,0x00,0x60,0x00,0x20,0x00,
             -0x20,0x00,0x20,0x00,0x20,0x00,0x20,0x00,0x20,0x00,0x00},/*"广",5*/
  20          {0x80,0x00,0x01,0x07,0x06,0x00,0x18,0x00,0xE0,0xFF,0x00,0x04,0x00,0x03,0x00,0x00,0xFE,0x7F,0x00,0x08,0x00,
             -0x06,0x80,0x01,0x00,0x00,0xFF,0xFF,0x00,0x00,0x00,0x00},/*"州",6*/
  21          {0x00,0x00,0x04,0x20,0x04,0x21,0x04,0x21,0x04,0x21,0x04,0x21,0x04,0x21,0x04,0x21,0x04,0x21,0x04,0x21,0x04,
             -0x21,0x04,0x21,0x04,0x21,0x04,0x20,0x04,0x00,0x00,0x00},/*"三",7*/
  22          {0x20,0x08,0x20,0x86,0x7F,0x60,0x80,0x0F,0x00,0x04,0x00,0x1A,0x00,0xEA,0x00,0x2A,0x00,0x2A,0x00,0x2A,0x00,
             -0x2A,0xF0,0x2B,0x0C,0x28,0x02,0x20,0x0F,0x00,0x00,0x00},/*"汽",8*/
  23          {0x00,0x00,0x80,0x00,0x04,0x01,0x0E,0x02,0x14,0x0C,0x24,0x70,0xC4,0x21,0x8C,0x00,0x08,0x00,0x08,0x70,0x28,
             -0x08,0x1E,0x06,0x0C,0x03,0x80,0x01,0x00,0x01,0x00,0x00},/*"公",9*/
  24          {0x00,0x00,0x00,0x08,0xF8,0x49,0x20,0x49,0x20,0x49,0x20,0x49,0x20,0x49,0x20,0x49,0x20,0x49,0xF0,0x49,0x00,
             -0x48,0x04,0x40,0x02,0x40,0xFC,0x7F,0x00,0x00,0x00,0x00},/*"司",10*/
  25          {0x00,0x00,0x80,0x00,0x04,0x01,0x0E,0x02,0x14,0x0C,0x24,0x70,0xC4,0x21,0x8C,0x00,0x08,0x00,0x08,0x70,0x28,
             -0x08,0x1E,0x06,0x0C,0x03,0x80,0x01,0x00,0x01,0x00,0x00},/*"公",11*/
  26          {0x40,0x00,0x40,0x08,0x41,0x08,0x42,0x08,0x4C,0x08,0xF8,0x7F,0x50,0x08,0x40,0x08,0x40,0x08,0x60,0x08,0xD0,
             -0x7F,0x4C,0x08,0x47,0x08,0x42,0x08,0x40,0x00,0x00,0x00},/*"共",12*/
  27          {0x20,0x08,0x20,0x86,0x7F,0x60,0x80,0x0F,0x00,0x04,0x00,0x1A,0x00,0xEA,0x00,0x2A,0x00,0x2A,0x00,0x2A,0x00,
             -0x2A,0xF0,0x2B,0x0C,0x28,0x02,0x20,0x0F,0x00,0x00,0x00},/*"汽",13*/
  28          {0x20,0x00,0x20,0x20,0x20,0x21,0x20,0x23,0x20,0x25,0x20,0x39,0x20,0xE1,0x20,0x21,0xFF,0x2F,0x20,0x21,0x20,
             -0x21,0x20,0x21,0x20,0x21,0x20,0x21,0x20,0x00,0x00,0x00},/*"车",14*/
  29          {0x00,0x00,0x00,0x00,0x1A,0x00,0x1C,0x00,0x00,0x00,0x00,0x00,0x00,0x00,0x00,0x00,0x00,0x00,0x00,0x00,0x00,
             -0x00,0x00,0x00,0x00,0x00,0x00,0x00,0x00,0x00,0x00,0x00},/*"，",15*/
  30          {0x00,0x04,0x01,0x04,0x02,0x04,0x04,0x04,0x08,0x04,0x30,0x04,0xC0,0x05,0x00,0xFE,0x80,0x05,0x60,0x04,0x10,
             -0x04,0x0C,0x04,0x06,0x04,0x03,0x04,0x02,0x04,0x00,0x00},/*"大",16*/
  31          {0x00,0x02,0x40,0x0C,0x40,0x08,0x40,0x48,0x40,0x3A,0x40,0x2A,0x42,0x0A,0x41,0x8A,0xFE,0x7A,0x40,0x2B,0x40,
             -0x0A,0x40,0x18,0x40,0xEA,0x40,0x4C,0x40,0x08,0x00,0x00},/*"学",17*/
  32          {0x20,0x08,0x30,0x08,0xE0,0xFF,0x42,0x08,0x4C,0x08,0xF0,0x1F,0x10,0x12,0x1A,0x12,0xF2,0x13,0x04,0x10,0xC8,
             -0xFF,0x30,0x10,0xCC,0x50,0x02,0x37,0x1C,0x12,0x00,0x00},/*"城",18*/
  33          {0x00,0x00,0x00,0x00,0x00,0x00,0x00,0x00,0x00,0x00,0x0C,0x0E,0x14,0x10,0x24,0x10,0x44,0x10,0x84,0x11,0x0C,
             -0x0E,0x00,0x00,0x00,0x00,0x00,0x00,0x00,0x00,0x00,0x00},/*"2",0*/
  34          {0x04,0x02,0x44,0x06,0xC4,0x1A,0x48,0xE3,0x48,0x46,0x48,0x00,0x04,0x09,0x04,0x09,0x08,0x09,0xC8,0xFF,0x30,
C51 COMPILER V7.50   1616                                                                  05/04/2006 13:05:23 PAGE 2   

             -0x09,0x28,0x49,0x44,0x39,0x02,0x29,0x1F,0x01,0x00,0x00},/*"线",19*/
  35          {0x00,0x02,0x02,0x42,0x04,0x42,0x08,0x42,0x30,0x42,0xC0,0x7F,0x00,0x42,0x00,0x42,0x00,0x42,0x00,0x42,0xFE,
             -0x7F,0x00,0x42,0x00,0x42,0x00,0x42,0x00,0x42,0x00,0x00},/*"开",20*/
  36          {0x40,0x04,0x80,0x08,0x00,0x11,0xFF,0xEF,0x00,0x44,0x02,0x10,0x82,0x10,0x82,0x10,0x82,0x90,0xFE,0x7F,0x82,
             -0x50,0x82,0x10,0x82,0x10,0x82,0x10,0x02,0x10,0x00,0x00},/*"往",21*/
  37          {0x00,0x04,0x01,0x04,0x02,0x04,0x04,0x04,0x08,0x04,0x30,0x04,0xC0,0x05,0x00,0xFE,0x80,0x05,0x60,0x04,0x10,
             -0x04,0x0C,0x04,0x06,0x04,0x03,0x04,0x02,0x04,0x00,0x00},/*"大",22*/
  38          {0x00,0x02,0x40,0x0C,0x40,0x08,0x40,0x48,0x40,0x3A,0x40,0x2A,0x42,0x0A,0x41,0x8A,0xFE,0x7A,0x40,0x2B,0x40,
             -0x0A,0x40,0x18,0x40,0xEA,0x40,0x4C,0x40,0x08,0x00,0x00},/*"学",23*/
  39          {0x20,0x08,0x30,0x08,0xE0,0xFF,0x42,0x08,0x4C,0x08,0xF0,0x1F,0x10,0x12,0x1A,0x12,0xF2,0x13,0x04,0x10,0xC8,
             -0xFF,0x30,0x10,0xCC,0x50,0x02,0x37,0x1C,0x12,0x00,0x00},/*"城",24*/
  40          {0x00,0x00,0x00,0x00,0x1A,0x00,0x1C,0x00,0x00,0x00,0x00,0x00,0x00,0x00,0x00,0x00,0x00,0x00,0x00,0x00,0x00,
             -0x00,0x00,0x00,0x00,0x00,0x00,0x00,0x00,0x00,0x00,0x00},/*"，",25*/
  41          {0x00,0x02,0x00,0x42,0x00,0x32,0xFE,0x23,0x04,0x00,0x08,0x44,0xFF,0x55,0x50,0x55,0x50,0x55,0x50,0xFD,0x52,
             -0x55,0x51,0x55,0xFE,0x55,0x00,0x44,0x00,0x04,0x00,0x00},/*"请",26*/
  42          {0x00,0x01,0x04,0x02,0x1C,0x0C,0xC0,0x3F,0x1C,0xC0,0x02,0x09,0x02,0x16,0x92,0x60,0x4A,0x20,0x82,0x2F,0x02,
             -0x20,0x0E,0x24,0x00,0x22,0x90,0x31,0x0C,0x20,0x00,0x00},/*"您",27*/
  43          {0x82,0x00,0x02,0x01,0x22,0x06,0x22,0x38,0x22,0x04,0x22,0x03,0x22,0x00,0xFE,0xFF,0xA2,0x00,0x22,0x01,0x22,
             -0x02,0x22,0x3C,0x22,0x02,0x02,0x01,0x02,0x00,0x00,0x00},/*"坐",28*/
  44          {0x01,0x08,0xC2,0x08,0x44,0x0F,0x28,0xF8,0x30,0x08,0xCE,0x0F,0x04,0x01,0x00,0x41,0x02,0x41,0x01,0x41,0xFE,
             -0x4F,0x00,0x51,0x00,0x61,0x00,0x41,0x00,0x01,0x00,0x00},/*"好",29*/
  45          {0x42,0x08,0x81,0x08,0xFE,0xFF,0x00,0x09,0x01,0x0A,0x01,0x01,0x02,0x11,0x0C,0x11,0x30,0x11,0xC0,0xFF,0x30,
             -0x11,0x08,0x11,0x06,0x11,0x03,0x11,0x02,0x01,0x00,0x00},/*"扶",30*/
  46          {0x20,0x08,0xC0,0x48,0x00,0x4B,0xFF,0x7F,0x00,0x89,0x9C,0x88,0x00,0x10,0xBC,0x2A,0x82,0xCA,0xC2,0x4A,0xB2,
             -0x5A,0x82,0x6A,0xAE,0x0A,0x90,0x0F,0x0C,0x00,0x00,0x00},/*"稳",31*/
  47          {0x00,0x00,0x00,0x00,0x00,0x00,0xFA,0x0F,0x00,0x00,0x00,0x00,0x00,0x00,0x00,0x00,0x00,0x00,0x00,0x00,0x00,
             -0x00,0x00,0x00,0x00,0x00,0x00,0x00,0x00,0x00,0x00,0x00},/*"！",32*/
  48          
  49          {0x00,0x00,0x00,0x00,0x00,0x00,0x00,0x00,0x00,0x00,0x00,0x00,0x00,0x00,0x00,0x00,0x00,0x00,0x00,0x00,0x00,
             -0x00,0x00,0x00,0x00,0x00,0x00,0x00,0x00,0x00,0x00,0x00}/* "  " */
  50          };
  51          
  52          void delay(void);
  53          
  54          int16 offset;
  55          
  56          void main(void){
  57   1      
  58   1      int8 i;
  59   1      int8 j;
  60   1      
  61   1      int8 *p;
  62   1      
  63   1      flag=0x10;
  64   1      n=0;
  65   1      TMOD=0x01;
  66   1      TH0=0xb1;
  67   1      TL0=0xe0;
  68   1      ET0=1;
  69   1      EA=1;
  70   1      TR0=1;
  71   1      
  72   1      p=&table2[0][0];
  73   1      
  74   1      while(1)
  75   1      {
  76   2       
  77   2          for(i=0;i<8;i++)
  78   2                   {
  79   3      
  80   3                      P0=*(p+offset+2*i); 
  81   3                              P2=i|0x08;                                        
C51 COMPILER V7.50   1616                                                                  05/04/2006 13:05:23 PAGE 3   

  82   3                              delay();
  83   3       
  84   3                      P0=*(p+offset+2*i+1); 
  85   3                      P2=i|0x10;  
  86   3                              delay();
  87   3                   }                       
  88   2              for(i=8;i<16;i++)
  89   2                   {
  90   3      
  91   3                      P0=*(p+offset+2*i); 
  92   3                              P2=(i-8)|0x20;                                     
  93   3                              delay();
  94   3      
  95   3                      P0=*(p+offset+2*i+1); 
  96   3                      P2=(i-8)|0x40;     
  97   3                              delay();
  98   3      
  99   3                   }                                           
 100   2                       
 101   2        }
 102   1      
 103   1      
 104   1      }
*** WARNING C280 IN LINE 59 OF 1616.C: 'j': unreferenced local variable
 105          void delay(void){
 106   1      int16 i;
 107   1      for(i=0;i<50;i++);
 108   1      
 109   1      }
 110          void timer0() interrupt 1 using 3
 111          {
 112   1              TF0=0;
 113   1              TH0=0xb1;
 114   1              TL0=0xe0;
 115   1              if(n<10)
 116   1              {
 117   2                 n++;
 118   2              }
 119   1              else
 120   1              {
 121   2      
 122   2                      offset+=2;
 123   2                      if(offset>1100)
 124   2                         offset=0;
 125   2      
 126   2                  n=0;
 127   2              }
 128   1      
 129   1      
 130   1      
 131   1      }
 132          
 133          
 134          
 135          
 136          
 137          
 138          
 139          
 140          
 141          
 142          
C51 COMPILER V7.50   1616                                                                  05/04/2006 13:05:23 PAGE 4   

 143          
 144          
 145          
 146          
 147          
 148          
 149          


MODULE INFORMATION:   STATIC OVERLAYABLE
   CODE SIZE        =    284    ----
   CONSTANT SIZE    =   1152    ----
   XDATA SIZE       =   ----    ----
   PDATA SIZE       =   ----    ----
   DATA SIZE        =      4       5
   IDATA SIZE       =   ----    ----
   BIT SIZE         =   ----    ----
END OF MODULE INFORMATION.


C51 COMPILATION COMPLETE.  1 WARNING(S),  0 ERROR(S)
