C51 COMPILER V7.50   U1                                                                    01/19/2006 22:35:26 PAGE 1   


C51 COMPILER V7.50, COMPILATION OF MODULE U1
OBJECT MODULE PLACED IN u1.OBJ
COMPILER INVOKED BY: D:\Program Files\Keil\C51\BIN\C51.EXE u1.c BROWSE DEBUG OBJECTEXTEND

line level    source

   1          #include <reg51.h>
   2          
   3          //初始化串行口
   4          void csh()
   5                  {
   6   1              SM0=0;
   7   1              SM1=1;
   8   1              REN=1;
   9   1              TI=0;
  10   1              RI=0;
  11   1              PCON=0;
  12   1              TH1=0xF3;
  13   1              TL1=0XF3;
  14   1              TMOD=0X20;
  15   1              EA=1;
  16   1              ET1=0;
  17   1              ES=1;
  18   1              TR1=1;
  19   1              }
  20          
  21          void main()
  22                  {
  23   1              int i,j;
  24   1              char c;
  25   1              csh();
  26   1              while(1)
  27   1                      {
  28   2                      TI=0;
  29   2                      P0=c;
  30   2                      SBUF=c;
  31   2                      while(!TI);
  32   2                      TI=0;
  33   2                      for(j=0;j<25;j++)
  34   2                      for(i=0;i<5000;i++)
  35   2                              ;
  36   2                      c++;
  37   2                      }
  38   1              }
  39          
  40          void intrr() interrupt 4
  41                  {
  42   1              char temp;
  43   1              temp=SBUF;
  44   1              P2=temp;
  45   1              RI=0;
  46   1              }


MODULE INFORMATION:   STATIC OVERLAYABLE
   CODE SIZE        =     97    ----
   CONSTANT SIZE    =   ----    ----
   XDATA SIZE       =   ----    ----
   PDATA SIZE       =   ----    ----
   DATA SIZE        =   ----       1
   IDATA SIZE       =   ----    ----
C51 COMPILER V7.50   U1                                                                    01/19/2006 22:35:26 PAGE 2   

   BIT SIZE         =   ----    ----
END OF MODULE INFORMATION.


C51 COMPILATION COMPLETE.  0 WARNING(S),  0 ERROR(S)
