C51 COMPILER V7.50   8                                                                     04/16/2006 13:34:16 PAGE 1   


C51 COMPILER V7.50, COMPILATION OF MODULE 8
OBJECT MODULE PLACED IN 8.OBJ
COMPILER INVOKED BY: C:\Keil\C51\BIN\C51.EXE 8.c BROWSE DEBUG OBJECTEXTEND

line level    source

   1          #include <reg51.H>
   2          
   3          sbit P3_7=P3^7;
   4          unsigned char count;
   5          
   6          void delay10ms(void)
   7          {
   8   1        unsigned char i,j;
   9   1        for(i=20;i>0;i--)
  10   1        for(j=248;j>0;j--);
  11   1      }
  12          
  13          void main(void)
  14          {
  15   1        while(1)
  16   1          {
  17   2            if(P3_7==0)
  18   2              {
  19   3                delay10ms();
  20   3                if(P3_7==0)
  21   3                  {
  22   4                    count++;
  23   4                    if(count==16)
  24   4                      {
  25   5                        count=0;
  26   5                      }
  27   4                    P1=~count;
  28   4                    while(P3_7==0);
  29   4                  }
  30   3              }
  31   2          }
  32   1      }


MODULE INFORMATION:   STATIC OVERLAYABLE
   CODE SIZE        =     38    ----
   CONSTANT SIZE    =   ----    ----
   XDATA SIZE       =   ----    ----
   PDATA SIZE       =   ----    ----
   DATA SIZE        =      1    ----
   IDATA SIZE       =   ----    ----
   BIT SIZE         =   ----    ----
END OF MODULE INFORMATION.


C51 COMPILATION COMPLETE.  0 WARNING(S),  0 ERROR(S)
