C51 COMPILER V7.06   YANJING12864NEW                                                       01/08/2007 16:58:20 PAGE 1   


C51 COMPILER V7.06, COMPILATION OF MODULE YANJING12864NEW
OBJECT MODULE PLACED IN yanjing12864new.OBJ
COMPILER INVOKED BY: C:\Keil\C51\BIN\C51.EXE yanjing12864new.c OPTIMIZE(4,SPEED) BROWSE DEBUG OBJECTEXTEND

stmt level    source

   1          /*128*64液晶模块驱动程序 ,HD61202驱动
   2            创建时间:07.1.6
   3            功能描述:循环显示李白的诗歌共8行，指定反白显示*/ 
   4          #include <at89x51.h>
   5          //#include <intrins.h>
   6          #define uchar unsigned char
   7          #define uint  unsigned int
   8          #define lcm P1 
   9          sbit p_csl=P2^4;
  10          sbit p_csr=P2^3;
  11          sbit p_di=P2^2;
  12          sbit p_rw=P2^1;
  13          sbit p_e=P2^0;
  14          sbit p_rst=P2^7;
  15          uchar code HZ[];
  16          uchar code Ez[];
  17          /*****函数声明********/
  18          void delay(uint k);
  19          void wcode(uchar c,uchar csl,uchar csr);
  20          void wdata(uchar c,uchar csl,uchar csr);
  21          void set_statrline(uchar i);
  22          void set_xy(uchar x,uchar y);
  23          void dison_off(uchar o);
  24          void reset();
  25          void lcd_init(void);
  26          void lw(uchar x,uchar y,uchar dd);//写数据函数
  27          void disp_Hz(uchar xx,uchar yy,uchar n,uchar fb);//显示汉字
  28          void disp_Ez(uchar xx,uchar yy,uchar n,uchar fb);
  29          
  30          //延时
  31          void delay(uint k)
  32          {       uint i;
  33   1          for(;k>0;k--)
  34   1               {      for(i=0;i<124;i++)
  35   2                    {;}
  36   2                }
  37   1      }
  38          
  39          //
  40          
  41          
  42          //LCM忙判断
  43          void lcd_busy(void)
  44          {       p_di=0;
  45   1          p_rw=1;
  46   1          /*lcm=0xff;
  47   1          while(1)
  48   1           {  p_e=1;
  49   1              if(lcm<0x80)
  50   1               break;
  51   1              p_e=0;
  52   1           }
  53   1          p_e=0;*/
  54   1      }
  55          //写指令到LCM
C51 COMPILER V7.06   YANJING12864NEW                                                       01/08/2007 16:58:20 PAGE 2   

  56          void wcode(uchar c,uchar csl,uchar csr)
  57          {       p_csl=csl;
  58   1          p_csr=csr;
  59   1          lcd_busy();
  60   1          p_di=0;
  61   1          p_rw=0;
  62   1          lcm=c;//将变量C赋予LCM
  63   1          p_e=1;
  64   1          p_e=0;
  65   1      }
  66          //写数据到LCM子函数
  67          void wdata(uchar c,uchar csl,uchar csr)
  68          {       p_csl=csl;
  69   1          p_csr=csr;
  70   1          lcd_busy();
  71   1          p_di=1;
  72   1          p_rw=0;
  73   1          lcm=c;//将变量C赋予LCM
  74   1          p_e=1;
  75   1          p_e=0;
  76   1      }
  77          //设定起始行
  78          void set_startline(uchar i)
  79          {       i=0xc0+i;
  80   1          wcode(i,1,1);
  81   1      }
  82          //定位X方向，Y方向
  83          void set_xy(uchar x,uchar y)
  84          {       x=x+0x40;
  85   1          y=y+0xb8;
  86   1          wcode(x,1,1);
  87   1          wcode(y,1,1);
  88   1      }
  89          //屏幕开启、关闭
  90          void dison_off(uchar o)
  91          {       o=o+0x3e;  //o为1为开，为0是关
  92   1          wcode(o,1,1);
  93   1      }
  94          //复位子函数
  95          void reset()
  96          {//delay(1000);
  97   1              p_rst=0;
  98   1          delay(20);
  99   1          p_rst=1;
 100   1         delay(20);
 101   1      }
 102          //LCM初始化
 103          void lcd_init(void)
 104          {       uchar x,y;
 105   1          reset();
 106   1          
 107   1          dison_off(0);
 108   1          for(y=0;y<8;y++) 
 109   1           { for(x=0;x<128;x++)
 110   2               lw(x,y,0);
 111   2            }
 112   1          dison_off(1);
 113   1         set_startline(0);
 114   1      }
 115          //写数据到LCM
 116          void lw(uchar x,uchar y,uchar dd)
 117          {       if(x>=64)
C51 COMPILER V7.06   YANJING12864NEW                                                       01/08/2007 16:58:20 PAGE 3   

 118   1           { set_xy(x-64,y);
 119   2             wdata(dd,0,1);
 120   2            }
 121   1           else
 122   1                { set_xy(x,y);
 123   2                  wdata(dd,1,0);
 124   2                }
 125   1      }
 126          //显示汉字子函数
 127          void disp_Hz(uchar xx,uchar yy,uchar n,uchar fb)//xx为该行第xx个字，共8字，yy为第几行，共8行。
 128          {       uchar i,dx;
 129   1         
 130   1          for(i=0;i<16;i++)
 131   1               {      dx=HZ[2*i+n*32]; //2*i为选择偶数行，因其为列扫描
 132   2                 if(fb)
 133   2                        dx=255-dx;//反白显示
 134   2                      lw(xx*16+i,yy,dx);
 135   2                      dx=HZ[(2*i+1)+n*32];
 136   2                      if(fb)
 137   2                       dx=255-dx;
 138   2                      lw(xx*16+i,yy+1,dx);
 139   2                }
 140   1      }
 141          void disp_Ez(uchar xx,uchar yy,uchar n,uchar fb)//显示数字或英语
 142          {  uchar i,dx;
 143   1          for(i=0;i<8;i++)
 144   1           {  dx=Ez[2*i+n*16];
 145   2                  if(fb)
 146   2                        dx=255-dx;
 147   2                      lw(xx*8+i,yy,dx);//
 148   2      
 149   2              dx=Ez[(2*i+1)+n*16];
 150   2                      if(fb)
 151   2                       dx=255-dx;
 152   2                      lw(xx*8+i,yy+1,dx);
 153   2                }
 154   1      }
 155          
 156          /*****主函数****/
 157          void main()
 158          {       uchar loop,i,y;//
 159   1         uchar fb;
 160   1          lcd_init();
 161   1          delay(300);
 162   1          for(loop=0;loop<2;loop++)//菜单
 163   1              {
 164   2                        disp_Hz(loop+1,0,loop+64,1);
 165   2                        disp_Ez(13,0,10,0);
 166   2                        disp_Ez(14,0,8,0);
 167   2                       }
 168   1          while(1)
 169   1           {for(i=0;i<8;i++)
 170   2            {  disp_Ez(12,0,i+1,0);
 171   3                   if(i<3)
 172   3                 { if(i!=0)fb=0;
 173   4                    else fb=1;
 174   4                   for(loop=0;loop<8;loop++)//行1
 175   4                            { disp_Hz(loop,2,loop,fb);
 176   5                    }  
 177   4                         }
 178   3                        if(i<4)
 179   3                 { if(i!=1)fb=0;
C51 COMPILER V7.06   YANJING12864NEW                                                       01/08/2007 16:58:20 PAGE 4   

 180   4                                   else fb=1;
 181   4                   if(i==3)y=2;
 182   4                                   else y=4;
 183   4                                for(loop=0;loop<8;loop++)//2
 184   4                              { 
 185   5                                disp_Hz(loop,y,loop+8,fb);
 186   5                         } }
 187   3               if(i<5)
 188   3                         {  if(i!=2)fb=0;
 189   4                                   else fb=1;
 190   4                    if((i==0)||(i==1)||(i==2))
 191   4                                   y=6;
 192   4                   if(i==3)y=4;
 193   4                               if(i==4)y=2;
 194   4                           for(loop=0;loop<8;loop++)//3
 195   4                            {  
 196   5                             disp_Hz(loop,y,loop+16,fb);//第一屏结束，每屏显示3行
 197   5                    }
 198   4                          }
 199   3                if(i>=3)
 200   3                 { if(i!=3)fb=0;
 201   4                    else fb=1;//
 202   4      
 203   4                               if(i==3)y=6;
 204   4                               if(i==4)y=4;
 205   4                               if(i==5)y=2;
 206   4                   for(loop=0;loop<8;loop++)//行4
 207   4                            { disp_Hz(loop,y,loop+24,fb);
 208   5                    }  
 209   4                         }
 210   3                        if(i>=4)
 211   3                 { if(i!=4)fb=0;
 212   4                                   else fb=1;//
 213   4      
 214   4                      if(i==4)y=6;
 215   4                                  if(i==5)y=4;
 216   4                                  if(i==6)y=2;
 217   4                                  for(loop=0;loop<8;loop++)//5
 218   4                              { 
 219   5                                disp_Hz(loop,y,loop+32,fb);//y=1时
 220   5                         } }
 221   3               if(i>=5)
 222   3                         {  if(i!=5)fb=0;
 223   4                                   else fb=1;
 224   4      
 225   4                   if(i==5)y=6;
 226   4                               if(i==6)y=4;
 227   4                               if(i==7)y=2;
 228   4                           for(loop=0;loop<8;loop++)//6
 229   4                            {  
 230   5                             disp_Hz(loop,y,loop+40,fb);
 231   5                }
 232   4                       }
 233   3                       if(i>=6)
 234   3                 { if(i!=6)fb=0;
 235   4                    else fb=1;
 236   4                                if(i==6)y=6;
 237   4                                if(i==7)y=4;
 238   4                   for(loop=0;loop<8;loop++)//行7
 239   4                            {disp_Hz(loop,y,loop+48,fb);
 240   5                    }  
 241   4                         }
C51 COMPILER V7.06   YANJING12864NEW                                                       01/08/2007 16:58:20 PAGE 5   

 242   3                        if(i==7)
 243   3                 { if(i!=7)fb=0;
 244   4                                   else fb=1;
 245   4                                       
 246   4                                  for(loop=0;loop<8;loop++)//8
 247   4                              { 
 248   5                                disp_Hz(loop,6,loop+56,fb);//y=1时
 249   5                         } }
 250   3                       delay(600);
 251   3                      
 252   3                       
 253   3             }
 254   2      
 255   2             } 
 256   1      }
 257          uchar code HZ[]=
 258          {0x40,0x40,0x40,0x40,0x20,0x42,0x20,0x42,0x50,0x4A,0x48,0x72,0x44,0x42,0xC3,0x7F,
 259          0x44,0x42,0x48,0x62,0x50,0x5A,0x50,0x42,0x20,0x42,0x60,0x40,0x20,0x40,0x00,0x00,/*"金",0*/
 260          
 261          0x00,0x00,0xFE,0xFF,0x22,0x02,0x5A,0x04,0x86,0x43,0x10,0x48,0x94,0x24,0x74,0x22,
 262          0x94,0x15,0x1F,0x09,0x34,0x15,0x54,0x23,0x94,0x60,0x94,0xC0,0x10,0x40,0x00,0x00,/*"陵",1*/
 263          
 264          0x04,0x00,0x64,0x00,0x24,0x81,0x24,0x41,0x24,0x21,0x2F,0x19,0xE4,0x07,0x24,0x01,
 265          0x24,0x01,0x24,0x41,0x2F,0x81,0x24,0x7F,0x24,0x00,0x64,0x00,0x24,0x00,0x00,0x00,/*"劳",2*/
 266          
 267          0x04,0x00,0x64,0x00,0x24,0x81,0x24,0x41,0x24,0x21,0x2F,0x19,0xE4,0x07,0x24,0x01,
 268          0x24,0x01,0x24,0x41,0x2F,0x81,0x24,0x7F,0x24,0x00,0x64,0x00,0x24,0x00,0x00,0x00,/*"劳",3*/
 269          
 270          0x40,0x40,0x41,0x20,0xC6,0x1F,0x00,0x20,0x40,0x40,0x48,0x48,0x49,0x44,0x4E,0x43,
 271          0xF8,0x40,0x4C,0x41,0x4B,0x42,0x48,0x4C,0x48,0x40,0x40,0x40,0x00,0x40,0x00,0x00,/*"送",4*/
 272          
 273          0x00,0x08,0x18,0x08,0x04,0x05,0x84,0x04,0x44,0xFC,0x7C,0x46,0xA5,0x46,0x26,0x45,
 274          0x24,0x45,0xA4,0x46,0x64,0x46,0x24,0xFE,0x14,0x04,0x0C,0x0C,0x04,0x04,0x00,0x00,/*"客",5*/
 275          
 276          0x00,0x00,0x40,0x40,0x30,0x48,0x12,0x48,0xDC,0x4B,0x54,0x4A,0x50,0x4A,0x5F,0x7E,
 277          0x50,0x4A,0x50,0x4A,0xD8,0x4B,0x16,0x48,0x54,0x48,0x38,0x48,0x10,0x40,0x00,0x00,/*"堂",6*/
 278          
 279          0x00,0x00,0x00,0x00,0x00,0x58,0x00,0x38,0x00,0x00,0x00,0x00,0x00,0x00,0x00,0x00,
 280          0x00,0x00,0x00,0x00,0x00,0x00,0x00,0x00,0x00,0x00,0x00,0x00,0x00,0x00,0x00,0x00,/*"，",7*/
 281          
 282          0x02,0x80,0x02,0x80,0x82,0x83,0xBA,0x42,0xAA,0x4A,0xAF,0x5B,0xAA,0x2A,0xBA,0x2A,
 283          0xAA,0x2A,0xAF,0x5B,0xAA,0x4A,0xBA,0x42,0x82,0x83,0x02,0x80,0x00,0x80,0x00,0x00,/*"蔓",8*/
 284          
 285          0x04,0x08,0x04,0x08,0x04,0x08,0xE4,0x0B,0xA4,0x0A,0xBF,0x0A,0xA4,0x0A,0xA4,0xFE,
 286          0xA4,0x0A,0xBF,0x0A,0xA4,0x0A,0xE4,0x0B,0x04,0x08,0x04,0x08,0x04,0x08,0x00,0x00,/*"草",9*/
 287          
 288          0x00,0x00,0x04,0x00,0x04,0xFE,0xF4,0x02,0x84,0x1A,0xCC,0x16,0xAD,0x12,0x96,0x13,
 289          0x94,0x12,0xAC,0x16,0xCC,0x1A,0x84,0x72,0xF4,0x82,0x06,0x7E,0x04,0x00,0x00,0x00,/*"离",10*/
 290          
 291          0x00,0x00,0x04,0x00,0x04,0xFE,0xF4,0x02,0x84,0x1A,0xCC,0x16,0xAD,0x12,0x96,0x13,
 292          0x94,0x12,0xAC,0x16,0xCC,0x1A,0x84,0x72,0xF4,0x82,0x06,0x7E,0x04,0x00,0x00,0x00,/*"离",11*/
 293          
 294          0x00,0x01,0x80,0x40,0x60,0x40,0x1E,0x41,0x10,0x41,0x10,0x41,0x10,0x41,0x10,0x41,
 295          0xFF,0x7F,0x12,0x41,0x10,0x41,0x10,0x41,0x98,0x41,0x10,0x61,0x00,0x40,0x00,0x00,/*"生",12*/
 296          
 297          0x40,0x40,0x42,0x20,0xCC,0x1F,0x00,0x20,0x04,0x40,0x04,0x40,0xE5,0x5F,0xB6,0x4A,
 298          0xAC,0x4A,0xA4,0x4A,0xA6,0x4A,0xE5,0x5F,0x04,0x40,0x04,0x40,0x00,0x40,0x00,0x00,/*"道",13*/
 299          
 300          0x40,0x00,0x20,0x00,0xF8,0x7F,0x07,0x00,0x82,0x00,0x64,0x41,0x2C,0x31,0x34,0x0F,
 301          0x65,0x05,0xA6,0x05,0x34,0x25,0x2C,0x45,0xA4,0x3D,0x74,0x01,0x20,0x00,0x00,0x00,/*"傍",14*/
 302          
 303          0x00,0x00,0x00,0x18,0x00,0x24,0x00,0x24,0x00,0x18,0x00,0x00,0x00,0x00,0x00,0x00,
C51 COMPILER V7.06   YANJING12864NEW                                                       01/08/2007 16:58:20 PAGE 6   

 304          0x00,0x00,0x00,0x00,0x00,0x00,0x00,0x00,0x00,0x00,0x00,0x00,0x00,0x00,0x00,0x00,/*"。",15*/
 305          
 306          0x08,0x00,0x08,0x00,0x08,0x00,0x08,0x7F,0x08,0x21,0x08,0x21,0x08,0x21,0xFF,0x21,
 307          0x08,0x21,0x08,0x21,0x08,0x21,0x08,0x7F,0x08,0x00,0x08,0x00,0x08,0x00,0x00,0x00,/*"古",16*/
 308          
 309          0x70,0x00,0x00,0x00,0xFF,0xFF,0x08,0x00,0x50,0x00,0x44,0x00,0x54,0xFF,0x54,0x15,
 310          0x54,0x15,0x7F,0x15,0x54,0x55,0x54,0x95,0x54,0x7F,0x44,0x00,0x40,0x00,0x00,0x00,/*"情",17*/
 311          
 312          0x00,0x00,0x02,0x08,0x02,0x04,0x02,0x02,0x02,0x01,0x82,0x00,0x42,0x00,0xFE,0x7F,
 313          0x06,0x00,0x42,0x00,0xC2,0x00,0x82,0x01,0x02,0x07,0x03,0x02,0x02,0x00,0x00,0x00,/*"不",18*/
 314          
 315          0x00,0x08,0x00,0x04,0x00,0x03,0xFE,0x00,0x12,0x00,0x12,0x09,0x12,0x11,0x12,0x32,
 316          0x72,0x66,0x92,0x00,0x12,0x01,0x12,0x02,0x1E,0x06,0x00,0x0C,0x00,0x04,0x00,0x00,/*"尽",19*/
 317          
 318          0x00,0x00,0x04,0x00,0x04,0x20,0xC4,0x18,0xB4,0x0E,0x8C,0x04,0x87,0x20,0x84,0x40,
 319          0xF4,0xFF,0x84,0x00,0x84,0x02,0x84,0x04,0x84,0x18,0x04,0x30,0x00,0x00,0x00,0x00,/*"东",20*/
 320          
 321          0x10,0x04,0x60,0x04,0x01,0xFC,0x86,0x03,0x60,0x40,0x04,0x30,0x44,0x0F,0x64,0x00,
 322          0x55,0x00,0x4E,0x7F,0x44,0x00,0x64,0x3F,0xC4,0x40,0x04,0x40,0x04,0x70,0x00,0x00,/*"流",21*/
 323          
 324          0x00,0x10,0x10,0x10,0x10,0x08,0x10,0x06,0x90,0x01,0x70,0x40,0x00,0x80,0xFF,0x7F,
 325          0x20,0x00,0x60,0x00,0x90,0x01,0x08,0x06,0x04,0x0C,0x00,0x18,0x00,0x08,0x00,0x00,/*"水",22*/
 326          
 327          0x00,0x00,0x00,0x00,0x00,0x58,0x00,0x38,0x00,0x00,0x00,0x00,0x00,0x00,0x00,0x00,
 328          0x00,0x00,0x00,0x00,0x00,0x00,0x00,0x00,0x00,0x00,0x00,0x00,0x00,0x00,0x00,0x00,/*"，",23*/
 329          
 330          0x00,0x20,0x00,0x20,0xF0,0x3F,0x00,0x10,0x00,0x10,0xFF,0x0F,0x20,0x08,0x20,0x08,
 331          0x00,0x00,0xFF,0x3F,0x40,0x40,0x20,0x40,0x20,0x40,0x10,0x40,0x10,0x78,0x00,0x00,/*"此",24*/
 332          
 333          0x10,0x20,0x10,0x20,0x10,0x10,0xFE,0x1F,0x10,0x08,0x50,0x08,0x40,0x00,0xFE,0x3F,
 334          0x20,0x40,0x20,0x40,0xFF,0x4F,0x10,0x42,0x10,0x44,0xF8,0x43,0x10,0x70,0x00,0x00,/*"地",25*/
 335          
 336          0x00,0x00,0x44,0x20,0x54,0x38,0x54,0x00,0x54,0x3C,0xFF,0x41,0x00,0x40,0x00,0x42,
 337          0x00,0x4C,0xFF,0x41,0x54,0x40,0x54,0x70,0x54,0x00,0x44,0x08,0x40,0x30,0x00,0x00,/*"悲",26*/
 338          
 339          0x00,0x40,0x00,0x20,0x00,0x18,0xFE,0x07,0x02,0x10,0x12,0x08,0x22,0x04,0x42,0x02,
 340          0x82,0x01,0x7A,0x06,0x12,0x1C,0x02,0x00,0xFE,0x0F,0x00,0x30,0x00,0x7C,0x00,0x00,/*"风",27*/
 341          
 342          0x10,0x00,0x12,0x41,0xD2,0x30,0x32,0x00,0xFF,0x3B,0x31,0x40,0x51,0x42,0x10,0x4A,
 343          0x08,0x51,0x90,0x40,0x7F,0x40,0x90,0x60,0x08,0x09,0x0C,0x33,0x00,0x01,0x00,0x00,/*"愁",28*/
 344          
 345          0x00,0x00,0x00,0x00,0xF8,0x7F,0x08,0x21,0x08,0x21,0x0C,0x21,0x0B,0x21,0x08,0x21,
 346          0x08,0x21,0x08,0x21,0x08,0x21,0x08,0x21,0xF8,0x7F,0x00,0x00,0x00,0x00,0x00,0x00,/*"白",29*/
 347          
 348          0x08,0x04,0x08,0x03,0xC8,0x00,0xFF,0xFF,0x48,0x00,0x88,0x01,0x0A,0x08,0x42,0x24,
 349          0x62,0x13,0xD2,0x08,0x4A,0x06,0xC6,0x41,0x42,0x80,0xC0,0x7F,0x00,0x00,0x00,0x00,/*"杨",30*/
 350          
 351          0x00,0x00,0x00,0x18,0x00,0x24,0x00,0x24,0x00,0x18,0x00,0x00,0x00,0x00,0x00,0x00,
 352          0x00,0x00,0x00,0x00,0x00,0x00,0x00,0x00,0x00,0x00,0x00,0x00,0x00,0x00,0x00,0x00,/*"。",31*/
 353          
 354          0x20,0x04,0x20,0x04,0x22,0x42,0x22,0x82,0xFE,0x7F,0x21,0x01,0x21,0x01,0x20,0x10,
 355          0x20,0x10,0xFF,0x08,0x20,0x07,0x22,0x1A,0xAC,0x21,0x20,0x40,0x20,0xF0,0x00,0x00,/*"我",32*/
 356          
 357          0x08,0x22,0x28,0x22,0x2A,0x11,0x2A,0x11,0xFA,0x0B,0x0A,0x0C,0x0A,0x06,0xFE,0x7F,
 358          0x0A,0x02,0x09,0x04,0xF9,0x0D,0x49,0x19,0x29,0x31,0x2C,0x11,0x88,0x01,0x00,0x00,/*"乘",33*/
 359          
 360          0x20,0x00,0x22,0x40,0x2A,0x44,0x2A,0x25,0x2A,0x15,0xAA,0x47,0x6A,0x85,0x3F,0x7D,
 361          0x2A,0x05,0xAA,0x04,0x2A,0x14,0x2A,0x26,0x2A,0x4C,0x22,0x00,0x20,0x00,0x00,0x00,/*"素",34*/
 362          
 363          0x40,0x80,0x40,0x60,0xFC,0x1F,0x56,0x01,0x65,0x46,0x44,0x80,0xFC,0x7F,0x00,0x00,
 364          0xE4,0x07,0x24,0x02,0x24,0x02,0xE4,0x47,0x04,0x80,0xFC,0x7F,0x04,0x00,0x00,0x00,/*"舸",35*/
 365          
C51 COMPILER V7.06   YANJING12864NEW                                                       01/08/2007 16:58:20 PAGE 7   

 366          0x00,0x00,0xFE,0xFF,0x02,0x00,0x12,0x00,0x92,0x1F,0x92,0x08,0x92,0x08,0x92,0x08,
 367          0x92,0x08,0x92,0x08,0x92,0x1F,0x12,0x40,0x02,0x80,0xFE,0x7F,0x00,0x00,0x00,0x00,/*"同",36*/
 368          
 369          0x00,0x80,0x00,0x60,0xFC,0x1F,0x44,0x20,0x54,0x63,0x54,0x15,0x54,0x49,0x55,0x81,
 370          0xFE,0x7F,0x54,0x0D,0x54,0x11,0x54,0x29,0xF4,0x6D,0x44,0xC0,0x44,0x40,0x00,0x00,/*"康",37*/
 371          
 372          0x00,0x00,0x00,0x20,0x40,0x18,0xFC,0x0C,0x44,0x07,0x44,0x12,0x44,0x20,0x46,0x40,
 373          0xFA,0x3F,0x42,0x00,0x43,0x00,0x43,0x02,0x42,0x0C,0x40,0x38,0x00,0x10,0x00,0x00,/*"乐",38*/
 374          
 375          0x00,0x00,0x00,0x00,0x00,0x58,0x00,0x38,0x00,0x00,0x00,0x00,0x00,0x00,0x00,0x00,
 376          0x00,0x00,0x00,0x00,0x00,0x00,0x00,0x00,0x00,0x00,0x00,0x00,0x00,0x00,0x00,0x00,/*"，",39*/
 377          
 378          0x00,0x00,0xFC,0x3F,0x94,0x10,0x95,0x08,0x96,0x06,0x94,0x4C,0xFC,0x40,0x00,0x20,
 379          0x00,0x18,0xFE,0x07,0x22,0x01,0x22,0x21,0x22,0x41,0xFE,0x3F,0x00,0x00,0x00,0x00,/*"朗",40*/
 380          
 381          0xFC,0x07,0x04,0x02,0x04,0x02,0xFC,0x07,0x00,0x20,0x40,0x18,0x48,0x06,0xC9,0x41,
 382          0x09,0x80,0xFA,0x7F,0x00,0x01,0x80,0x02,0x70,0x0C,0x20,0x18,0x00,0x08,0x00,0x00,/*"咏",41*/
 383          
 384          0x10,0x04,0x61,0x04,0x06,0xFF,0xE0,0x00,0x18,0x00,0x20,0x00,0xAA,0xFF,0xAA,0x0A,
 385          0xAA,0x0A,0xBF,0x0A,0xAA,0x4A,0xAA,0x8A,0xAA,0x7F,0x2A,0x00,0x00,0x00,0x00,0x00,/*"清",42*/
 386          
 387          0x00,0x00,0x00,0x80,0x00,0x60,0xFF,0x1F,0x00,0x00,0x00,0x00,0x00,0x00,0x00,0x00,
 388          0xFE,0x3F,0x00,0x00,0x00,0x00,0x00,0x00,0x00,0x00,0xFF,0x7F,0x00,0x00,0x00,0x00,/*"川",43*/
 389          
 390          0x02,0x00,0x02,0x00,0x02,0x00,0x02,0x00,0x02,0x00,0x02,0x00,0x02,0x00,0x02,0x00,
 391          0x02,0x00,0xFE,0x03,0x60,0x0C,0x90,0x10,0x08,0x21,0x00,0x40,0x00,0x78,0x00,0x00,/*"飞",44*/
 392          
 393          0x04,0x02,0x04,0x01,0x84,0x00,0xC4,0xFF,0x3C,0x00,0x14,0x82,0x85,0x41,0x66,0x22,
 394          0xBC,0x14,0x24,0x09,0x24,0x14,0x24,0x23,0xE4,0x40,0x24,0xC0,0x04,0x40,0x00,0x00,/*"夜",45*/
 395          
 396          0x00,0x00,0x0C,0x22,0x04,0x1A,0x55,0x06,0xD5,0xFF,0x55,0x06,0x05,0x0A,0x7F,0x00,
 397          0x05,0xFF,0x55,0x55,0x55,0x55,0x55,0x55,0x05,0xFF,0x0C,0x00,0x04,0x00,0x00,0x00,/*"霜",46*/
 398          
 399          0x00,0x00,0x00,0x18,0x00,0x24,0x00,0x24,0x00,0x18,0x00,0x00,0x00,0x00,0x00,0x00,
 400          0x00,0x00,0x00,0x00,0x00,0x00,0x00,0x00,0x00,0x00,0x00,0x00,0x00,0x00,0x00,0x00,/*"。",47*/
 401          
 402          
 403          0x00,0x00,0x40,0x00,0x48,0x00,0x48,0x00,0x48,0xFF,0x7F,0x49,0x48,0x49,0x48,0x49,
 404          0x48,0x49,0x48,0x49,0x7F,0x49,0x48,0xFF,0x48,0x00,0x48,0x00,0x40,0x00,0x00,0x00,/*"昔",48*/
 405          
 406          0x00,0x00,0xFC,0xFF,0x00,0x00,0x11,0x08,0x12,0x08,0xF0,0x0F,0x52,0x09,0x52,0x09,
 407          0x52,0x05,0xF2,0x7F,0x12,0x04,0x12,0x44,0x02,0x80,0xFE,0x7F,0x00,0x00,0x00,0x00,/*"闻",49*/
 408          
 409          0x00,0x00,0x40,0x01,0x30,0x01,0x0E,0x01,0x08,0x01,0x08,0x01,0x08,0x01,0x08,0x01,
 410          0xFF,0x7F,0x08,0x01,0x08,0x01,0x08,0x01,0x08,0x01,0x08,0x01,0x00,0x01,0x00,0x00,/*"牛",50*/
 411          
 412          0x10,0x04,0x60,0xFC,0x01,0x03,0xC6,0x00,0x00,0x02,0x20,0x02,0x24,0xFF,0x24,0x49,
 413          0xA4,0x49,0x7F,0x49,0x24,0x49,0x34,0x49,0x28,0xFF,0x26,0x00,0x20,0x00,0x00,0x00,/*"渚",51*/
 414          
 415          0xFE,0x07,0x02,0x01,0x02,0x01,0x02,0x01,0xFE,0x07,0x40,0x00,0x20,0x01,0x10,0x01,
 416          0x0C,0x01,0x23,0x81,0xC4,0x61,0x08,0x19,0x10,0x07,0x30,0x01,0x60,0x00,0x00,0x00,/*"吟",52*/
 417          
 418          0x00,0x20,0x02,0x20,0x82,0x20,0x82,0x20,0x82,0x20,0x82,0x3F,0xFE,0x20,0x82,0x20,
 419          0x82,0x20,0x82,0x20,0xC2,0x3F,0x82,0x20,0x02,0x20,0x00,0x30,0x00,0x20,0x00,0x00,/*"五",53*/
 420          
 421          0x10,0x10,0x10,0x10,0x12,0x10,0xD2,0x17,0x56,0x15,0x5A,0x15,0x52,0x15,0x53,0xFD,
 422          0x52,0x15,0x5A,0x15,0x56,0x15,0xD2,0x17,0x12,0x10,0x12,0x10,0x10,0x10,0x00,0x00,/*"章",54*/
 423          
 424          0x00,0x00,0x00,0x00,0x00,0x58,0x00,0x38,0x00,0x00,0x00,0x00,0x00,0x00,0x00,0x00,
 425          0x00,0x00,0x00,0x00,0x00,0x00,0x00,0x00,0x00,0x00,0x00,0x00,0x00,0x00,0x00,0x00,/*"，",55*/
 426          
 427          0x80,0x00,0x80,0x00,0x40,0x00,0x20,0x02,0x10,0x02,0x08,0x02,0x24,0x02,0x43,0x82,
C51 COMPILER V7.06   YANJING12864NEW                                                       01/08/2007 16:58:20 PAGE 8   

 428          0xC4,0x42,0x08,0x32,0x10,0x0E,0x20,0x02,0x60,0x00,0xC0,0x00,0x40,0x00,0x00,0x00,/*"今",56*/
 429          
 430          0x00,0x20,0x80,0x20,0x84,0x10,0x84,0x10,0x94,0x08,0xA4,0x04,0xC4,0x02,0xFF,0xFF,
 431          0x84,0x01,0xC4,0x02,0xB4,0x04,0x94,0x08,0x84,0x18,0x84,0x30,0x80,0x10,0x00,0x00,/*"来",57*/
 432          
 433          0x80,0x00,0x40,0x00,0xF0,0x7F,0x1C,0x00,0x07,0x00,0xE2,0x07,0x24,0x02,0x24,0x02,
 434          0x24,0x02,0xE4,0x07,0x04,0x20,0x04,0x40,0xFC,0x3F,0x04,0x00,0x04,0x00,0x00,0x00,/*"何",58*/
 435          
 436          0x40,0x00,0x42,0x00,0xCC,0x3F,0x04,0x50,0x00,0x29,0xFC,0x11,0x56,0x4D,0x55,0x83,
 437          0xFC,0x7F,0x50,0x00,0x90,0x41,0x10,0x80,0xFF,0x7F,0x10,0x00,0x10,0x00,0x00,0x00,/*"谢",59*/
 438          
 439          0x10,0x20,0x10,0x20,0x14,0x10,0xD4,0x11,0x54,0xF9,0x54,0x45,0x54,0x23,0x5F,0x03,
 440          0x54,0x05,0x54,0x09,0x54,0x11,0xD4,0x29,0x14,0x64,0x10,0xC2,0x10,0x40,0x00,0x00,/*"袁",60*/
 441          
 442          0x00,0x00,0x18,0x29,0x04,0x29,0x14,0x15,0x94,0x14,0x94,0x4A,0xD5,0x89,0xB6,0x44,
 443          0x14,0x3F,0x14,0x06,0x94,0x09,0x04,0x09,0x14,0x10,0x0C,0x30,0x04,0x10,0x00,0x00,/*"家",61*/
 444          
 445          0x00,0x00,0xFC,0x7F,0x94,0x20,0x95,0x10,0x96,0x0A,0x94,0x04,0xFC,0x18,0x00,0x00,
 446          0x00,0x00,0xFE,0xFF,0x02,0x00,0x42,0x08,0xB2,0x08,0x0E,0x11,0x02,0x0E,0x00,0x00,/*"郎",62*/
 447          
 448          0x00,0x00,0x00,0x18,0x00,0x24,0x00,0x24,0x00,0x18,0x00,0x00,0x00,0x00,0x00,0x00,
 449          0x00,0x00,0x00,0x00,0x00,0x00,0x00,0x00,0x00,0x00,0x00,0x00,0x00,0x00,0x00,0x00,/*"。",63*/
 450          
 451          //李白
 452          0x80,0x00,0x84,0x04,0x44,0x04,0xC4,0x04,0xA4,0x04,0x94,0x44,0x8C,0x84,0xFF,0x7E,
 453          0x8C,0x05,0x94,0x04,0xA4,0x04,0x24,0x04,0x44,0x04,0xC4,0x04,0x40,0x04,0x00,0x00,/*"李",0*/
 454          
 455          0x00,0x00,0x00,0x00,0xF8,0x7F,0x08,0x21,0x08,0x21,0x0C,0x21,0x0B,0x21,0x08,0x21,
 456          0x08,0x21,0x08,0x21,0x08,0x21,0x08,0x21,0xF8,0x7F,0x00,0x00,0x00,0x00,0x00,0x00};/*"白",1*/
 457          //数字
 458          uchar code Ez[]={
 459          0x00,0x00,0xE0,0x0F,0x10,0x10,0x08,0x20,0x08,0x20,0x10,0x10,0xE0,0x0F,0x00,0x00,/*"0",0*/
 460          
 461          0x00,0x00,0x10,0x20,0x10,0x20,0xF8,0x3F,0x00,0x20,0x00,0x20,0x00,0x00,0x00,0x00,/*"1",1*/
 462          
 463          0x00,0x00,0x70,0x30,0x08,0x28,0x08,0x24,0x08,0x22,0x88,0x21,0x70,0x30,0x00,0x00,/*"2",2*/
 464          
 465          0x00,0x00,0x30,0x18,0x08,0x20,0x88,0x20,0x88,0x20,0x48,0x11,0x30,0x0E,0x00,0x00,/*"3",3*/
 466          
 467          0x00,0x00,0x00,0x07,0xC0,0x04,0x20,0x24,0x10,0x24,0xF8,0x3F,0x00,0x24,0x00,0x00,/*"4",4*/
 468          
 469          0x00,0x00,0xF8,0x19,0x08,0x21,0x88,0x20,0x88,0x20,0x08,0x11,0x08,0x0E,0x00,0x00,/*"5",5*/
 470          
 471          0x00,0x00,0xE0,0x0F,0x10,0x11,0x88,0x20,0x88,0x20,0x18,0x11,0x00,0x0E,0x00,0x00,/*"6",6*/
 472          
 473          0x00,0x00,0x38,0x00,0x08,0x00,0x08,0x3F,0xC8,0x00,0x38,0x00,0x08,0x00,0x00,0x00,/*"7",7*/
 474          
 475          0x00,0x00,0x70,0x1C,0x88,0x22,0x08,0x21,0x08,0x21,0x88,0x22,0x70,0x1C,0x00,0x00,/*"8",8*/
 476          
 477          0x00,0x00,0xE0,0x00,0x10,0x31,0x08,0x22,0x08,0x22,0x10,0x11,0xE0,0x0F,0x00,0x00,/*"9",9*/
 478          
 479          0x00,0x00,0x00,0x60,0x00,0x18,0x00,0x06,0x80,0x01,0x60,0x00,0x18,0x00,0x04,0x00/*"/",10*/
 480          };
 481          
 482          


MODULE INFORMATION:   STATIC OVERLAYABLE
   CODE SIZE        =   1183    ----
   CONSTANT SIZE    =   2288    ----
   XDATA SIZE       =   ----    ----
   PDATA SIZE       =   ----    ----
C51 COMPILER V7.06   YANJING12864NEW                                                       01/08/2007 16:58:20 PAGE 9   

   DATA SIZE        =   ----      18
   IDATA SIZE       =   ----    ----
   BIT SIZE         =   ----    ----
END OF MODULE INFORMATION.


C51 COMPILATION COMPLETE.  0 WARNING(S),  0 ERROR(S)
