C51 COMPILER V6.12  MAIN1                                                                  11/14/2005 20:22:43 PAGE 1   


C51 COMPILER V6.12, COMPILATION OF MODULE MAIN1
OBJECT MODULE PLACED IN .\Main1.OBJ
COMPILER INVOKED BY: D:\Program Files\Keil\C51\BIN\C51.EXE .\Main1.c BROWSE DEBUG OBJECTEXTEND

stmt level    source

   1          #include<reg51.h>
   2          #include<LCD1602.h> 
   3          
   4          
   5          
   6          void main(void)
   7          {
   8   1       LCD_initial();
   9   1      LCD_set_position(0);
  10   1      LCD_printc('a');
  11   1      LCD_prints("Input too long!");
  12   1      LCD_set_position(0x40);
  13   1      LCD_printc('a');
  14   1       while(1)
  15   1        {
  16   2         ;
  17   2        }
  18   1      }
  19          
  20              
  21            
  22          
  23          
  24          
  25           
  26          
  27          


MODULE INFORMATION:   STATIC OVERLAYABLE
   CODE SIZE        =     34    ----
   CONSTANT SIZE    =     16    ----
   XDATA SIZE       =   ----    ----
   PDATA SIZE       =   ----    ----
   DATA SIZE        =   ----    ----
   IDATA SIZE       =   ----    ----
   BIT SIZE         =   ----    ----
END OF MODULE INFORMATION.


C51 COMPILATION COMPLETE.  0 WARNING(S),  0 ERROR(S)
