C51 COMPILER V7.50   11                                                                    04/16/2006 14:46:36 PAGE 1   


C51 COMPILER V7.50, COMPILATION OF MODULE 11
OBJECT MODULE PLACED IN 11.OBJ
COMPILER INVOKED BY: C:\Keil\C51\BIN\C51.EXE 11.c BROWSE DEBUG OBJECTEXTEND

line level    source

   1          #include <reg51.H>
   2          
   3          unsigned char code table[]={0x3f,0x06,0x5b,0x4f,0x66,
   4                                      0x6d,0x7d,0x07,0x7f,0x6f};
   5          unsigned char Second;
   6          
   7          void delay1s(void)
   8          {
   9   1        unsigned char i,j,k;
  10   1        for(k=100;k>0;k--)
  11   1        for(i=20;i>0;i--)
  12   1        for(j=248;j>0;j--);
  13   1      }
  14          
  15          
  16          void main(void)
  17          {
  18   1        Second=0;
  19   1        P0=table[Second/10];
  20   1        P2=table[Second%10];
  21   1        while(1)
  22   1          {
  23   2            delay1s();
  24   2            Second++;
  25   2            if(Second==60)
  26   2              {
  27   3                Second=0;
  28   3              }
  29   2            P0=table[Second/10];
  30   2            P2=table[Second%10];
  31   2          }
  32   1      }


MODULE INFORMATION:   STATIC OVERLAYABLE
   CODE SIZE        =     77    ----
   CONSTANT SIZE    =     10    ----
   XDATA SIZE       =   ----    ----
   PDATA SIZE       =   ----    ----
   DATA SIZE        =      1    ----
   IDATA SIZE       =   ----    ----
   BIT SIZE         =   ----    ----
END OF MODULE INFORMATION.


C51 COMPILATION COMPLETE.  0 WARNING(S),  0 ERROR(S)
