C51 COMPILER V8.05a   MAIN                                                                 08/11/2007 16:54:28 PAGE 1   


C51 COMPILER V8.05a, COMPILATION OF MODULE MAIN
OBJECT MODULE PLACED IN main.obj
COMPILER INVOKED BY: C:\Keil\C51\BIN\C51.EXE sources\main.c BROWSE INCDIR(.\include) DEBUG OBJECTEXTEND PRINT(.\main.lst
                    -) OBJECT(main.obj)

line level    source

   1          //*************************************************************************************************
   2          //*************************************************************************************************
   3          //**<程序名>：数码管静态串行显示及键盘扫描。                                                                                                     **
   4          //**<功能>：将键盘输入转换成相应的输出并显示在LED上。                                                                                    **
   5          //**<作者>：LastRitter                                                                                                                                                   **
   6          //**<完成时间>：2007年7月31日                                                                                                                                    **
   7          //**<联系方式>：E-Mail:superyongzhe@163.com;QQ:314665354。                                                                               **
   8          //*************************************************************************************************
   9          //*************************************************************************************************
  10          
  11          
  12          //*************************************************************************************************
  13          //*                                                                                                                                                                                               *
  14          //*                      ******************************头文件及宏定义**************************                           *
  15          //*                                                                                                                                                                                               *
  16          //*************************************************************************************************
  17          #include "includes.h"
  18          
  19          #define SCANPORT P2
  20          
  21          
  22          //*************************************************************************************************
  23          //*                                                                                                                                                                                               *
  24          //*                       ********************************全局变量******************************                          *
  25          //*                                                                                                                                                                                               *
  26          //*************************************************************************************************
  27          unsigned char uc_KeyShock=0;            //键盘防抖动标志。
  28                                                                                  //当按键中断产生时，首先判断此位。
  29                                                                                  //等于250时执行键盘扫描及键码处理程序。
  30          
  31          
  32          
  33          //*************************************************************************************************
  34          //*                                                                                                                                                                                               *
  35          //*                       ********************************主函数******************************                            *
  36          //*                                                                                                                                                                                               *
  37          //*************************************************************************************************
  38          void main()
  39          {
  40   1              SCANPORT=0x0F;  //初始化键盘接口。
  41   1      
  42   1              SM0=0;
  43   1              SM1=0;          //串口模式：模式0.
  44   1      
  45   1              vShowNumber(0);         //初始化显示。
  46   1                                                       
  47   1              while(1)
  48   1                      {
  49   2                      if((P2&0x0F)!=0x0F)
  50   2                              {
  51   3                              if(uc_KeyShock==250)
  52   3                                      {
  53   4                                      vShowNumber(ucKeyScan());       //当判断有按键按下时扫描键盘，并把扫描结果显示在数码管上。
  54   4                                      uc_KeyShock=0;                                  //恢复防抖动标志初始值。
C51 COMPILER V8.05a   MAIN                                                                 08/11/2007 16:54:28 PAGE 2   

  55   4                                      }
  56   3                              else uc_KeyShock++;                             //如果有抖动则不执行键扫描，增加计数。
  57   3                              }
  58   2                      }
  59   1      }
  60          


MODULE INFORMATION:   STATIC OVERLAYABLE
   CODE SIZE        =     43    ----
   CONSTANT SIZE    =   ----    ----
   XDATA SIZE       =   ----    ----
   PDATA SIZE       =   ----    ----
   DATA SIZE        =      1    ----
   IDATA SIZE       =   ----    ----
   BIT SIZE         =   ----    ----
END OF MODULE INFORMATION.


C51 COMPILATION COMPLETE.  0 WARNING(S),  0 ERROR(S)
