C51 COMPILER V8.05a   SHOW                                                                 08/11/2007 16:54:28 PAGE 1   


C51 COMPILER V8.05a, COMPILATION OF MODULE SHOW
OBJECT MODULE PLACED IN Show.obj
COMPILER INVOKED BY: C:\Keil\C51\BIN\C51.EXE sources\Show.c BROWSE INCDIR(.\include) DEBUG OBJECTEXTEND PRINT(.\Show.lst
                    -) OBJECT(Show.obj)

line level    source

   1          //*************************************************************************************************
   2          //*************************************************************************************************
   3          //**<程序名>：数码管静态串行显示函数。                                                                                                                   **
   4          //**<功能>：  把输入的数字静态串行输出到数码管。                                                                                                 ** 
   5          //*************************************************************************************************
   6          //*************************************************************************************************
   7          
   8          //*************************************************************************************************
   9          //*                                                                                                                                                                                               *
  10          //*                      ******************************头文件及宏定义**************************                           *
  11          //*                                                                                                                                                                                               *
  12          //*************************************************************************************************
  13          #include <at89x51.h>
  14          
  15          
  16          //*************************************************************************************************
  17          //*                                                                                                                                                                                               *
  18          //*                       ********************************全局变量******************************                          *
  19          //*                                                                                                                                                                                               *
  20          //*************************************************************************************************
  21          unsigned  char code uca_LCDCode[]=
  22                                                  {0x03,0x9F,0x25,0x0D,0x99,0x49,0x41,0x1F,0x01,0x09};
  23                                                  //74LS164编码：0,1,2,3,4,5,6,7,8,9
  24          
  25          
  26          //*************************************************************************************************
  27          //*                                                                                                                                                                                               *
  28          //*                       ********************************函数实现******************************                          *
  29          //*                                                                                                                                                                                               *
  30          //*************************************************************************************************
  31          void vShowNumber(unsigned int uiNumber)                         //数字显示函数。
  32          {
  33   1              unsigned char ucSelect;
  34   1              unsigned char ucaNumber[4];
  35   1              unsigned char ucNumFront;
  36   1              
  37   1      
  38   1              if(uiNumber>9999)
  39   1                      uiNumber=9999;                                                          //将数字每个位存入数组。
  40   1              ucaNumber[0]=uiNumber/1000;                                             //最高位
  41   1              ucaNumber[1]=(uiNumber-1000*(int)ucaNumber[0])/100;
  42   1              ucaNumber[2]=(uiNumber-1000*(int)ucaNumber[0]-100*(int)ucaNumber[1])/10;
  43   1              ucaNumber[3]=(uiNumber-1000*(int)ucaNumber[0]-100*(int)ucaNumber[1]-10*(int)ucaNumber[2]);
  44   1      
  45   1              for(ucNumFront=0;ucNumFront<3;ucNumFront++)             //查找数字非零首位。
  46   1                      if(ucaNumber[ucNumFront]!=0)
  47   1                              break;
  48   1      
  49   1              for(ucSelect=0;ucSelect<4;ucSelect++)                   //将数组中的数据输出到串口。
  50   1                      {
  51   2                      if(ucSelect<ucNumFront)
  52   2                              SBUF=0xFF;
  53   2                      else
  54   2                              SBUF=uca_LCDCode[ucaNumber[ucSelect]];
C51 COMPILER V8.05a   SHOW                                                                 08/11/2007 16:54:28 PAGE 2   

  55   2      
  56   2                      while(TI==0);            //等待输入完成。
  57   2                      TI=0;
  58   2                      }
  59   1      }


MODULE INFORMATION:   STATIC OVERLAYABLE
   CODE SIZE        =    187    ----
   CONSTANT SIZE    =     10    ----
   XDATA SIZE       =   ----    ----
   PDATA SIZE       =   ----    ----
   DATA SIZE        =   ----       6
   IDATA SIZE       =   ----    ----
   BIT SIZE         =   ----    ----
END OF MODULE INFORMATION.


C51 COMPILATION COMPLETE.  0 WARNING(S),  0 ERROR(S)
