
ASEM-51 V1.2                                         Copyright (c) 1996 by W.W. Heinz                                         PAGE 1





       MCS-51 Family Cross Assembler   A S E M - 5 1   V 1.2
       =====================================================



	Source File:	TEM.ASM
	Object File:	TEM.HEX
	List File:	TEM.LST



 Line  I  Addr  Code            Source

    1:		N      0000	ORG   0000H
    2:	  0000	02 00 40			JMP   START
    3:		N      0040			ORG   0040H
    4:	  0040			START:
    5:	  0040	12 07 52			LCALL  	ZHUANHUAN
    6:	  0043	D2 B0		      	SETB   	P3.0
    7:	  0045	D2 B1		      	SETB   	P3.1
    8:	  0047	D2 B2		      	SETB   	P3.2
    9:	  0049	D2 A0		      	SETB   	P2.0
   10:	  004B	D2 A1		      	SETB   	P2.1
   11:	  004D	D2 A2		      	SETB   	P2.2
   12:	  004F	12 06 6C	      	LCALL   DELAY1
   13:	  0052	75 34 05	      	MOV 	34H,#05
   14:	  0055	75 35 05	      	MOV 	35H,#05
   15:	  0058	75 28 05	      	MOV 	28H,#05
   16:	  005B	75 29 05	      	MOV 	29H,#05
   17:	  005E			LLL:
   18:	  005E	12 07 52			LCALL   ZHUANHUAN
   19:	  0061	F5 31		     	MOV    	31H,A
   20:	  0063	12 06 87	     	LCALL   DELAY4
   21:	  0066	12 07 52	    	LCALL   ZHUANHUAN
   22:	  0069	F5 32		    	MOV    	32H,A
   23:	  006B	12 06 87	     	LCALL   DELAY4
   24:	  006E	12 07 52	    	LCALL   ZHUANHUAN
   25:	  0071	F5 33		     	MOV    	33H,A
   26:	  0073	12 06 A6	     	LCALL   FILTER
   27:	  0076	12 06 90	     	LCALL   CHNTER
   28:	  0079	12 05 C1	     	LCALL   SHOW
   29:	  007C	20 A4 7E	     	JB   	P2.4,KONGZHI1
   30:	  007F			KEY0:
   31:	  007F	20 A4 DC	      	JB 	P2.4,LLL
   32:	  0082	12 06 87	      	LCALL   DELAY4
   33:	  0085	12 07 52	      	LCALL   ZHUANHUAN
   34:	  0088	12 06 90	      	LCALL   CHNTER
   35:	  008B	12 05 C1	      	LCALL 	SHOW
   36:	  008E	12 06 87	      	LCALL   DELAY4
   37:	  0091			KEY1:
   38:	  0091	20 A5 6C		    JB      P2.5,KEY51
   39:	  0094	12 06 87	      	LCALL   DELAY4
   40:	  0097	12 07 52	      	LCALL   ZHUANHUAN
   41:	  009A	12 06 90	      	LCALL   CHNTER
   42:	  009D	12 05 C1	      	LCALL 	SHOW
   43:	  00A0	12 06 87	      	LCALL   DELAY4

ASEM-51 V1.2                                         Copyright (c) 1996 by W.W. Heinz                                         PAGE 2



 Line  I  Addr  Code            Source

   44:	  00A3			KEY2:
   45:	  00A3	20 A7 5D	      	JB 	P2.7,KEY3
   46:	  00A6	12 06 87	      	LCALL   DELAY4
   47:	  00A9	12 07 52	      	LCALL   ZHUANHUAN
   48:	  00AC	12 06 90	      	LCALL   CHNTER
   49:	  00AF	12 05 C1	      	LCALL 	SHOW
   50:	  00B2	12 05 C1	      	LCALL 	SHOW
   51:	  00B5	12 05 C1	      	LCALL 	SHOW
   52:	  00B8	12 05 C1	      	LCALL 	SHOW
   53:	  00BB	12 05 C1	      	LCALL 	SHOW
   54:	  00BE	12 05 C1	      	LCALL 	SHOW
   55:	  00C1	12 06 87	      	LCALL   DELAY4
   56:	  00C4	12 07 52	      	LCALL   ZHUANHUAN
   57:	  00C7	12 06 90	      	LCALL   CHNTER
   58:	  00CA	12 05 C1	      	LCALL 	SHOW
   59:	  00CD	12 06 87	      	LCALL   DELAY4
   60:	  00D0	12 07 52	      	LCALL   ZHUANHUAN
   61:	  00D3	12 06 90	      	LCALL   CHNTER
   62:	  00D6	12 05 C1	      	LCALL 	SHOW
   63:	  00D9	15 34		      	DEC 	34H
   64:	  00DB	E5 34		      	MOV 	A,34H
   65:	  00DD	85 34 35	      	MOV 	35H,34H
   66:	  00E0	B4 FF 0F	      	CJNE 	A,#0FFH,KEY22
   67:	  00E3	75 34 05	      	MOV 	34H,#05H
   68:	  00E6	12 07 52	      	LCALL   ZHUANHUAN
   69:	  00E9	12 06 90	      	LCALL   CHNTER
   70:	  00EC	12 05 C1	      	LCALL 	SHOW
   71:	  00EF	12 06 87	      	LCALL   DELAY4
   72:	  00F2			KEY22:
   73:	  00F2	12 07 52		    LCALL   ZHUANHUAN
   74:	  00F5	12 06 90	      	LCALL   CHNTER
   75:	  00F8	12 05 C1	      	LCALL 	SHOW
   76:	  00FB	01 A3		      	AJMP 	KEY2
   77:	  00FD			KONGZHI1:
   78:	  00FD	02 02 26		    LJMP   	KONGZHI
   79:	  0100			KEY51:
   80:	  0100	02 01 5D		    LJMP   	KEY5
   81:	  0103			KEY3:
   82:	  0103	20 A6 54	      	JB 	P2.6,KEY02
   83:	  0106	12 06 87	      	LCALL   DELAY4
   84:	  0109	12 07 52	      	LCALL   ZHUANHUAN
   85:	  010C	12 06 90	      	LCALL   CHNTER
   86:	  010F	12 05 C1	      	LCALL 	SHOW
   87:	  0112	12 05 C1	      	LCALL 	SHOW
   88:	  0115	12 05 C1	      	LCALL 	SHOW
   89:	  0118	12 05 C1	      	LCALL 	SHOW
   90:	  011B	12 05 C1	      	LCALL 	SHOW
   91:	  011E	12 05 C1	      	LCALL 	SHOW
   92:	  0121	12 06 87	      	LCALL   DELAY4
   93:	  0124	12 07 52	      	LCALL   ZHUANHUAN
   94:	  0127	12 06 90	      	LCALL   CHNTER
   95:	  012A	12 05 C1	      	LCALL 	SHOW
   96:	  012D	12 06 87	      	LCALL   DELAY4
   97:	  0130	05 35		      	INC 	35H
   98:	  0132	E5 35		      	MOV 	A,35H
   99:	  0134	85 35 34	      	MOV 	34H,35H

ASEM-51 V1.2                                         Copyright (c) 1996 by W.W. Heinz                                         PAGE 3



 Line  I  Addr  Code            Source

  100:	  0137	12 06 87	      	LCALL   DELAY4
  101:	  013A	B4 0A 12	      	CJNE 	A,#0AH,KEY33
  102:	  013D	12 07 52	      	LCALL   ZHUANHUAN
  103:	  0140	12 06 90	      	LCALL   CHNTER
  104:	  0143	12 05 C1	      	LCALL 	SHOW
  105:	  0146	12 06 87	      	LCALL   DELAY4
  106:	  0149	75 35 04	     	MOV 	35H,#04
  107:	  014C	12 06 87	      	LCALL   DELAY4
  108:	  014F			KEY33:
  109:	  014F	12 07 52		    LCALL   ZHUANHUAN
  110:	  0152	12 06 90	      	LCALL   CHNTER
  111:	  0155	12 05 C1	      	LCALL 	SHOW
  112:	  0158	21 03		      	AJMP 	KEY3
  113:	  015A			KEY02:
  114:	  015A	02 00 7F		    LJMP  	KEY0
  115:	  015D			KEY5:
  116:	  015D	20 A7 57		    JB 	P2.7,KEY6
  117:	  0160	12 06 87	      	LCALL   DELAY4
  118:	  0163	12 07 52	      	LCALL   ZHUANHUAN
  119:	  0166	12 06 90	      	LCALL   CHNTER
  120:	  0169	12 05 C1	      	LCALL 	SHOW
  121:	  016C	12 05 C1	      	LCALL 	SHOW
  122:	  016F	12 05 C1	      	LCALL 	SHOW
  123:	  0172	12 05 C1	      	LCALL 	SHOW
  124:	  0175	12 05 C1	      	LCALL 	SHOW
  125:	  0178	12 05 C1	      	LCALL 	SHOW
  126:	  017B	12 06 87	      	LCALL   DELAY4
  127:	  017E	12 07 52	      	LCALL   ZHUANHUAN
  128:	  0181	12 06 90	      	LCALL   CHNTER
  129:	  0184	12 05 C1	      	LCALL 	SHOW
  130:	  0187	12 06 87	      	LCALL   DELAY4
  131:	  018A	12 07 52	      	LCALL   ZHUANHUAN
  132:	  018D	12 06 90	      	LCALL   CHNTER
  133:	  0190	12 05 C1	      	LCALL 	SHOW
  134:	  0193	15 28		      	DEC 	28H
  135:	  0195	E5 28		     	MOV 	A,28H
  136:	  0197	85 28 29	      	MOV 	29H,28H
  137:	  019A	B4 FF 0F	      	CJNE 	A,#0FFH,KEY55
  138:	  019D	75 28 05	      	MOV 	28H,#05
  139:	  01A0	12 07 52	      	LCALL   ZHUANHUAN
  140:	  01A3	12 06 90	      	LCALL   CHNTER
  141:	  01A6	12 05 C1	      	LCALL 	SHOW
  142:	  01A9	12 06 87	      	LCALL   DELAY4
  143:	  01AC			KEY55:
  144:	  01AC	12 07 52		    LCALL   ZHUANHUAN
  145:	  01AF	12 06 90	      	LCALL   CHNTER
  146:	  01B2	12 05 C1	      	LCALL 	SHOW
  147:	  01B5	21 5D		      	AJMP 	KEY5
  148:	  01B7			KEY6:
  149:	  01B7	20 A6 69	      	JB 	P2.6,KEY01
  150:	  01BA	12 06 87	      	LCALL   DELAY4
  151:	  01BD	12 07 52	      	LCALL   ZHUANHUAN
  152:	  01C0	12 06 90	      	LCALL   CHNTER
  153:	  01C3	12 05 C1	      	LCALL 	SHOW
  154:	  01C6	12 05 C1	      	LCALL 	SHOW
  155:	  01C9	12 05 C1	      	LCALL 	SHOW

ASEM-51 V1.2                                         Copyright (c) 1996 by W.W. Heinz                                         PAGE 4



 Line  I  Addr  Code            Source

  156:	  01CC	12 05 C1	      	LCALL 	SHOW
  157:	  01CF	12 05 C1	      	LCALL 	SHOW
  158:	  01D2	12 05 C1	      	LCALL 	SHOW
  159:	  01D5	12 06 87	      	LCALL   DELAY4
  160:	  01D8	12 07 52	      	LCALL   ZHUANHUAN
  161:	  01DB	12 06 90	      	LCALL   CHNTER
  162:	  01DE	12 05 C1	      	LCALL 	SHOW
  163:	  01E1	12 06 87	      	LCALL   DELAY4
  164:	  01E4	12 07 52	      	LCALL   ZHUANHUAN
  165:	  01E7	12 06 90	      	LCALL   CHNTER
  166:	  01EA	12 05 C1	      	LCALL 	SHOW
  167:	  01ED	12 06 87	      	LCALL   DELAY4
  168:	  01F0	05 29		      	INC 	29H
  169:	  01F2	E5 29		      	MOV 	A,29H
  170:	  01F4	85 29 28	      	MOV 	28H,29H
  171:	  01F7	12 06 87	      	LCALL   DELAY4
  172:	  01FA	B4 09 1B	      	CJNE 	A,#9,KEY66
  173:	  01FD	75 29 04	      	MOV 	29H,#04
  174:	  0200	12 07 52	      	LCALL   ZHUANHUAN
  175:	  0203	12 06 90	      	LCALL   CHNTER
  176:	  0206	12 05 C1	      	LCALL 	SHOW
  177:	  0209	12 06 87	      	LCALL   DELAY4
  178:	  020C	12 07 52	      	LCALL   ZHUANHUAN
  179:	  020F	12 06 90	      	LCALL   CHNTER
  180:	  0212	12 05 C1	      	LCALL 	SHOW
  181:	  0215	12 06 87	      	LCALL   DELAY4
  182:	  0218			KEY66:
  183:	  0218	12 07 52		    LCALL   ZHUANHUAN
  184:	  021B	12 06 90	      	LCALL   CHNTER
  185:	  021E	12 05 C1	      	LCALL 	SHOW
  186:	  0221	21 B7		      	AJMP 	KEY6
  187:	  0223			KEY01:
  188:	  0223	02 00 7F		    LJMP    KEY0
  189:	  0226			KONGZHI:
  190:	  0226	12 07 52		    LCALL   ZHUANHUAN
  191:	  0229	12 06 90	      	LCALL   CHNTER
  192:	  022C	12 07 38	      	LCALL   WUCHA
  193:	  022F	E5 2E		      	MOV     A,2EH
  194:	  0231	F5 39		      	MOV     39H,A
  195:	  0233	12 06 CF	      	LCALL   MULT1
  196:	  0236	12 06 6C	      	LCALL   DELAY1
  197:	  0239	12 06 6C	      	LCALL   DELAY1
  198:	  023C	12 05 C1	      	LCALL   SHOW
  199:	  023F	12 06 6C	      	LCALL   DELAY1
  200:	  0242	12 06 6C	      	LCALL   DELAY1
  201:	  0245	12 07 52	     	LCALL   ZHUANHUAN
  202:	  0248	12 06 A6	      	LCALL   FILTER
  203:	  024B	12 06 90	      	LCALL   CHNTER
  204:	  024E	12 07 38	      	LCALL   WUCHA
  205:	  0251	F5 3A		      	MOV     3AH,A
  206:	  0253	E5 39		      	MOV     A,39H
  207:	  0255	85 3A F0	      	MOV     B,3AH
  208:	  0258	C3		      	CLR     C
  209:	  0259	95 F0		      	SUBB    A,B
  210:	  025B	F5 3B		      	MOV     3BH,A
  211:	  025D	12 06 F3	      	LCALL   MULT2

ASEM-51 V1.2                                         Copyright (c) 1996 by W.W. Heinz                                         PAGE 5



 Line  I  Addr  Code            Source

  212:	  0260	E5 37		ZZP:	MOV  	A,37H
  213:	  0262	64 00		    	XRL   	A,#00H
  214:	  0264	20 E7 03	    	JB     	ACC.7,ZZP1
  215:	  0267	02 02 72	    	LJMP   	ZZP2
  216:	  026A			ZZP1:
  217:	  026A	E5 37				MOV  	A,37H
  218:	  026C	B4 FF 0B	     	CJNE  	A,#0FFH,ZZP3
  219:	  026F	02 02 7F	     	LJMP  	ZZP4
  220:	  0272			ZZP2:
  221:	  0272	E5 37				MOV   	A,37H
  222:	  0274	B4 03 12	     	CJNE   	A,#03H,ZZP5
  223:	  0277	02 02 A8	     	LJMP   	ZZP6
  224:	  027A			ZZP3:
  225:	  027A	40 36				JC     	ZZP7
  226:	  027C	02 03 B6	     	LJMP   	ZZP37
  227:	  027F			ZZP4:
  228:	  027F	E5 36				MOV   	A,36H
  229:	  0281	64 00		     	XRL    	A,#00H
  230:	  0283	20 E7 34	 		JB     	ACC.7,ZZP8
  231:	  0286	02 02 C2			LJMP   	ZZP9
  232:	  0289			ZZP5:
  233:	  0289	40 3F				JC      ZZP10
  234:	  028B	02 02 8E	     	LJMP   	ZZPP5
  235:	  028E			ZZPP5:
  236:	  028E	E5 36				MOV   	A,36H
  237:	  0290	64 00		     	XRL    	A,#00H
  238:	  0292	20 E7 03	     	JB     	ACC.7,ZZPP51
  239:	  0295	02 05 9A	     	LJMP   	WU5
  240:	  0298			ZZPP51:
  241:	  0298	E5 36				MOV   	A,36H
  242:	  029A	B4 FE 03	     	CJNE   	A,#0FEH,ZZPP52
  243:	  029D	02 05 9A	     	LJMP   	WU5
  244:	  02A0			ZZPP52:
  245:	  02A0	40 03				JC   	ZZPP521
  246:	  02A2	02 05 9A			LJMP   	WU5
  247:	  02A5			ZZPP521:
  248:	  02A5	02 04 68			LJMP   	WU0
  249:	  02A8			ZZP6:
  250:	  02A8	E5 36				MOV   	A,36H
  251:	  02AA	64 00				XRL   	A,#00H
  252:	  02AC	20 E7 23			JB     	ACC.7,ZZP11
  253:	  02AF	02 05 9A			LJMP   	WU5
  254:	  02B2			ZZP7:
  255:	  02B2	E5 37				MOV   	A,37H
  256:	  02B4	B4 FE 23	     	CJNE  	A,#0FEH,ZZP12
  257:	  02B7	02 02 DF	     	LJMP   	ZZP13
  258:	  02BA			ZZP8:
  259:	  02BA	E5 36				MOV   	A,36H
  260:	  02BC	B4 FB 2A	     	CJNE   	A,#0FBH,ZZP14
  261:	  02BF	02 05 73	     	LJMP   	WU4
  262:	  02C2			ZZP9:
  263:	  02C2	E5 36				MOV   	A,36H
  264:	  02C4	B4 00 2A	     	CJNE   	A,#00H,ZZP15
  265:	  02C7	02 04 8F	     	LJMP   	WU1
  266:	  02CA			ZZP10:
  267:	  02CA	E5 37				MOV   	A,37H

ASEM-51 V1.2                                         Copyright (c) 1996 by W.W. Heinz                                         PAGE 6



 Line  I  Addr  Code            Source

  268:	  02CC	B4 02 2A	      	CJNE   	A,#02H,ZZP16
  269:	  02CF	02 02 FE	      	LJMP   	ZZP17
  270:	  02D2			ZZP11:
  271:	  02D2	E5 36				MOV   	A,36H
  272:	  02D4	B4 F8 41	      	CJNE   	A,#0F8H,ZZP18
  273:	  02D7	02 04 8F	      	LJMP   	WU1
  274:	  02DA			ZZP12:
  275:	  02DA	40 44				JC      ZZP19
  276:	  02DC	02 02 7F	      	LJMP    ZZP4
  277:	  02DF			ZZP13:
  278:	  02DF	E5 36				MOV   	A,36H
  279:	  02E1	64 00		      	XRL    	A,#00H
  280:	  02E3	20 E7 42	  		JB     	ACC.7,ZZP20
  281:	  02E6	02 03 30			LJMP   	ZZP21
  282:	  02E9			ZZP14:
  283:	  02E9	40 03				JC      zzp141
  284:	  02EB	02 03 38	      	LJMP    ZZP22
  285:	  02EE			zzp141:
  286:	  02EE	02 05 73			LJMP   	WU4
  287:	  02F1			ZZP15:
  288:	  02F1	40 03				JC      ZZP151
  289:	  02F3	02 04 68	      	LJMP    WU0
  290:	  02F6			ZZP151:
  291:	  02F6	02 04 8F			LJMP    WU1
  292:	  02F9			ZZP16:
  293:	  02F9	40 45				JC      ZZP23
  294:	  02FB	02 02 FE	      	LJMP    ZZP17
  295:	  02FE			ZZP17:
  296:	  02FE	E5 36				MOV   	A,36H
  297:	  0300	64 00		      	XRL    	A,#00H
  298:	  0302	20 E7 43	  		JB    	ACC.7,ZZP24
  299:	  0305	02 03 08	    	LJMP   	ZZPP17
  300:	  0308			ZZPP17:
  301:	  0308	E5 36				MOV   	A,36H
  302:	  030A	B4 01 03	      	CJNE   	A,#01H,ZZPP171
  303:	  030D	02 05 9A	      	LJMP   	WU5
  304:	  0310			ZZPP171:
  305:	  0310	40 03				JC   	ZZPP1711
  306:	  0312	02 05 9A			LJMP   	WU5
  307:	  0315			ZZPP1711:
  308:	  0315	02 04 68			LJMP   	WU0
  309:	  0318			ZZP18:
  310:	  0318	40 03				JC      ZZP181
  311:	  031A	02 04 68	      	LJMP    WU0
  312:	  031D			ZZP181:
  313:	  031D	02 04 8F			LJMP   	WU1
  314:	  0320			ZZP19:
  315:	  0320	E5 37				MOV   	A,37H
  316:	  0322	B4 FD 2B	      	CJNE   	A,#0FDH,ZZP25
  317:	  0325	02 03 55	      	LJMP   	ZZP26
  318:	  0328			ZZP20:
  319:	  0328	E5 36				MOV   	A,36H
  320:	  032A	B4 FB 32	      	CJNE   	A,#0FBH,ZZP27
  321:	  032D	02 05 73	      	LJMP   	WU4
  322:	  0330			ZZP21:
  323:	  0330	E5 36				MOV   	A,36H

ASEM-51 V1.2                                         Copyright (c) 1996 by W.W. Heinz                                         PAGE 7



 Line  I  Addr  Code            Source

  324:	  0332	B4 00 32	      	CJNE   	A,#00H,ZZP28
  325:	  0335	02 04 D9	      	LJMP   	WU2
  326:	  0338			ZZP22:
  327:	  0338	E5 36				MOV   	A,36H
  328:	  033A	B4 FF 32	      	CJNE   	A,#0FFH,ZZP29
  329:	  033D	02 04 D9	      	LJMP   	WU2
  330:	  0340			ZZP23:
  331:	  0340	E5 37				MOV   	A,37H
  332:	  0342	B4 01 32	      	CJNE   	A,#01H,ZZP30
  333:	  0345	02 03 7F	      	LJMP   	ZZP31
  334:	  0348			ZZP24:
  335:	  0348	E5 36				MOV   	A,36H
  336:	  034A	B4 F7 3C	      	CJNE   	A,#0F7H,ZZP32
  337:	  034D	02 04 8F	      	LJMP   	WU1
  338:	  0350			ZZP25:
  339:	  0350	40 3F				JC      ZZP33
  340:	  0352	02 02 DF	      	LJMP    ZZP13
  341:	  0355			ZZP26:
  342:	  0355	E5 36				MOV   	A,36H
  343:	  0357	64 00		      	XRL    	A,#00H
  344:	  0359	20 E7 42	  		JB     	ACC.7,ZZP34
  345:	  035C	02 03 A6			LJMP   	ZZP35
  346:	  035F			ZZP27:
  347:	  035F	40 03				JC      ZZP271
  348:	  0361	02 05 29	      	LJMP    WU3
  349:	  0364			ZZP271:
  350:	  0364	02 05 73			LJMP    WU4
  351:	  0367			ZZP28:
  352:	  0367	E5 36				MOV   	A,36H
  353:	  0369	B4 03 42	      	CJNE   	A,#03H,ZZP36
  354:	  036C	02 04 68	      	LJMP   	WU0
  355:	  036F			ZZP29:
  356:	  036F	40 03				JC      ZZP291
  357:	  0371	02 04 8F	      	LJMP    WU1
  358:	  0374			ZZP291:
  359:	  0374	02 05 29			LJMP   	WU3
  360:	  0377			ZZP30:
  361:	  0377	50 03				JNC     ZZP301
  362:	  0379	02 03 B6	      	LJMP    ZZP37
  363:	  037C			ZZP301:
  364:	  037C	02 03 7F			LJMP   	ZZP31
  365:	  037F			ZZP31:
  366:	  037F	E5 36				MOV   	A,36H
  367:	  0381	64 00		      	XRL    	A,#00H
  368:	  0383	20 E7 3A	  		JB     	ACC.7,ZZP38
  369:	  0386	02 03 C8			LJMP   	ZZP39
  370:	  0389			ZZP32:
  371:	  0389	40 03				JC      ZZP321
  372:	  038B	02 03 D8	      	LJMP    ZZP40
  373:	  038E			ZZP321:
  374:	  038E	02 04 D9			LJMP   	WU2
  375:	  0391			ZZP33:
  376:	  0391	E5 36				MOV   	A,36H
  377:	  0393	64 00		      	XRL    	A,#00H
  378:	  0395	20 E7 03	      	JB     	ACC.7,ZZP331
  379:	  0398	02 03 E0	      	LJMP   	ZZP41

ASEM-51 V1.2                                         Copyright (c) 1996 by W.W. Heinz                                         PAGE 8



 Line  I  Addr  Code            Source

  380:	  039B			ZZP331:
  381:	  039B	02 05 73			LJMP  	WU4
  382:	  039E			ZZP34:
  383:	  039E	E5 36				MOV   	A,36H
  384:	  03A0	B4 FD 45	     	CJNE  	A,#0FDH,ZZP42
  385:	  03A3	02 05 73	      	LJMP   	WU4
  386:	  03A6			ZZP35:
  387:	  03A6	E5 36				MOV   	A,36H
  388:	  03A8	B4 00 45	      	CJNE   	A,#00H,ZZP43
  389:	  03AB	02 04 D9	      	LJMP   	WU2
  390:	  03AE			ZZP36:
  391:	  03AE	40 03				JC      ZZP361
  392:	  03B0	02 04 68	      	LJMP    WU0
  393:	  03B3			ZZP361:
  394:	  03B3	02 04 8F			LJMP    WU1
  395:	  03B6			ZZP37:
  396:	  03B6	E5 36				MOV   	A,36H
  397:	  03B8	64 00		      	XRL    	A,#00H
  398:	  03BA	20 E7 3B	      	JB     	ACC.7,ZZP44
  399:	  03BD	02 03 C8	      	LJMP   	ZZP39
  400:	  03C0			ZZP38:
  401:	  03C0	E5 36				MOV   	A,36H
  402:	  03C2	B4 FB 3B	      	CJNE   	A,#0FBH,ZZP45
  403:	  03C5	02 05 29	      	LJMP   	WU3
  404:	  03C8			ZZP39:
  405:	  03C8	E5 36				MOV   	A,36H
  406:	  03CA	B4 03 03	      	CJNE   	A,#03H,ZZPP39
  407:	  03CD	02 05 9A	      	LJMP   	WU5
  408:	  03D0			ZZPP39:
  409:	  03D0	40 03				JC   	ZZP391
  410:	  03D2	02 05 9A			LJMP  	WU5
  411:	  03D5			ZZP391:
  412:	  03D5	02 04 68			LJMP   	WU0
  413:	  03D8			ZZP40:
  414:	  03D8	E5 36				MOV   	A,36H
  415:	  03DA	B4 FF 2B	      	CJNE   	A,#0FFH,ZZP46
  416:	  03DD	02 04 68	      	LJMP   	WU0
  417:	  03E0			ZZP41:
  418:	  03E0	E5 36				MOV   	A,36H
  419:	  03E2	B4 00 2B			CJNE   	A,#00H,ZZP47
  420:	  03E5	02 05 29	      	LJMP   	WU3
  421:	  03E8			ZZP42:
  422:	  03E8	40 03				JC      ZZP421
  423:	  03EA	02 05 29	      	LJMP    WU3
  424:	  03ED			ZZP421:
  425:	  03ED	02 05 73			LJMP    WU4
  426:	  03F0			ZZP43:
  427:	  03F0	E5 36				MOV   	A,36H
  428:	  03F2	B4 05 23	      	CJNE   	A,#05H,ZZP48
  429:	  03F5	02 04 68	      	LJMP   	WU0
  430:	  03F8			ZZP44:
  431:	  03F8	E5 36				MOV   	A,36H
  432:	  03FA	B4 FB 23	      	CJNE   	A,#0FBH,ZZP49
  433:	  03FD	02 05 73	      	LJMP   	WU4
  434:	  0400			ZZP45:
  435:	  0400	40 03				JC      ZZP451

ASEM-51 V1.2                                         Copyright (c) 1996 by W.W. Heinz                                         PAGE 9



 Line  I  Addr  Code            Source

  436:	  0402	02 04 28	      	LJMP    ZZP50
  437:	  0405			ZZP451:
  438:	  0405	02 05 29			LJMP    WU3
  439:	  0408			ZZP46:
  440:	  0408	40 03				JC      ZZP461
  441:	  040A	02 04 68	      	LJMP    WU0
  442:	  040D			ZZP461:
  443:	  040D	02 04 8F			LJMP    WU1
  444:	  0410			ZZP47:
  445:	  0410	E5 36				MOV   	A,36H
  446:	  0412	B4 00 1B	      	CJNE   	A,#00H,ZZP51
  447:	  0415	02 05 29	      	LJMP	WU3
  448:	  0418			ZZP48:
  449:	  0418	40 03				JC      ZZP481
  450:	  041A	02 04 68	      	LJMP    WU0
  451:	  041D			ZZP481:
  452:	  041D	02 04 8F			LJMP    WU1
  453:	  0420			ZZP49:
  454:	  0420	40 03				JC      ZZP491
  455:	  0422	02 04 38	      	LJMP    ZZP52
  456:	  0425			ZZP491:
  457:	  0425	02 05 73			LJMP    WU4
  458:	  0428			ZZP50:
  459:	  0428	E5 36				MOV   	A,36H
  460:	  042A	B4 FE 13	      	CJNE   	A,#0FEH,ZZP53
  461:	  042D	02 04 8F	      	LJMP   	WU1
  462:	  0430			ZZP51:
  463:	  0430	E5 36				MOV   	A,36H
  464:	  0432	B4 01 13	      	CJNE   	A,#01H,ZZP54
  465:	  0435	02 04 D9	      	LJMP   	WU2
  466:	  0438			ZZP52:
  467:	  0438	E5 36				MOV   	A,36H
  468:	  043A	B4 FE 13	      	CJNE   	A,#0FEH,ZZP55
  469:	  043D	02 04 D9	      	LJMP   	WU2
  470:	  0440			ZZP53:
  471:	  0440	40 03				JC      ZZP531
  472:	  0442	02 04 68	      	LJMP    WU0
  473:	  0445			ZZP531:
  474:	  0445	02 04 D9			LJMP    WU2
  475:	  0448			ZZP54:
  476:	  0448	40 03				JC      ZZP541
  477:	  044A	02 04 58	      	LJMP    ZZP56
  478:	  044D			ZZP541:
  479:	  044D	02 04 D9			LJMP    WU2
  480:	  0450			ZZP55:
  481:	  0450	40 03				JC      ZZP551
  482:	  0452	12 04 8F	      	LCALL	WU1
  483:	  0455			ZZP551:
  484:	  0455	02 05 29			LJMP    WU3
  485:	  0458			ZZP56:
  486:	  0458	E5 36				MOV   	A,36H
  487:	  045A	B4 05 03	      	CJNE   	A,#05H,ZZP57
  488:	  045D	02 04 68	      	LJMP   	WU0
  489:	  0460			ZZP57:
  490:	  0460	40 03				JC      ZZP571
  491:	  0462	02 04 68	      	LJMP    WU0

ASEM-51 V1.2                                        Copyright (c) 1996 by W.W. Heinz                                         PAGE 10



 Line  I  Addr  Code            Source

  492:	  0465			ZZP571:
  493:	  0465	02 04 8F			LJMP    WU1
  494:	  0468			WU0:
  495:	  0468	75 89 01			MOV 	TMOD,#01H
  496:	  046B	7A 10		    	MOV 	R2,#16
  497:	  046D	D2 B4		    	SETB  	P3.4
  498:	  046F			LOOP1:
  499:	  046F	75 8C EC			MOV 	TH0,#0ECH
  500:	  0472	75 8A 78	      	MOV 	TL0,#78H
  501:	  0475	D2 8C		      	SETB 	TR0
  502:	  0477	10 8D 02	LOOP2:	JBC 	TF0,LOOP3
  503:	  047A	80 FB		      	SJMP 	LOOP2
  504:	  047C			LOOP3:
  505:	  047C	DA 05				DJNZ 	R2,LOOPZ1
  506:	  047E	D2 B5		       	SETB   	P3.5
  507:	  0480	02 00 5E	       	LJMP   	LLL
  508:	  0483			LOOPZ1:
  509:	  0483	12 07 52			LCALL   ZHUANHUAN
  510:	  0486	12 06 90	      	LCALL   CHNTER
  511:	  0489	12 05 C1	      	LCALL   SHOW
  512:	  048C	02 04 6F			LJMP   	LOOP1
  513:	  048F			WU1:
  514:	  048F	75 89 11			MOV 	TMOD,#11H
  515:	  0492	7A 04		    	MOV 	R2,#4
  516:	  0494	7E 0C		    	MOV 	R6,#12
  517:	  0496	C2 B4		    	CLR 	P3.4
  518:	  0498			LOOP11:
  519:	  0498	75 8C EC			MOV   	TH0,#0ECH
  520:	  049B	75 8A 78	      	MOV   	TL0,#78H
  521:	  049E	D2 8C		     	SETB    TR0
  522:	  04A0	80 0A		      	SJMP 	LOOP31
  523:	  04A2			LOOP21:
  524:	  04A2	75 8D EC			MOV 	TH1,#0ECH
  525:	  04A5	75 8B 78	      	MOV 	TL1,#78H
  526:	  04A8	D2 8E		      	SETB 	TR1
  527:	  04AA	80 05		      	SJMP 	LOOP41
  528:	  04AC			LOOP31:
  529:	  04AC	10 8D 07			JBC 	TF0,LOOP51
  530:	  04AF	80 FB		      	SJMP 	LOOP31
  531:	  04B1			LOOP41:
  532:	  04B1	10 8F 14			JBC 	TF1,LOOP61
  533:	  04B4	80 FB		      	SJMP 	LOOP41
  534:	  04B6			LOOP51:
  535:	  04B6	DA 04				DJNZ 	R2,LOOPZ11
  536:	  04B8	D2 B4		       	SETB  	P3.4
  537:	  04BA	80 E6		       	SJMP 	LOOP21
  538:	  04BC			LOOPZ11:
  539:	  04BC	12 07 52			LCALL   ZHUANHUAN
  540:	  04BF	12 06 90	        LCALL   CHNTER
  541:	  04C2	12 05 C1	        LCALL   SHOW
  542:	  04C5	02 04 98	        LJMP   	LOOP11
  543:	  04C8			LOOP61:
  544:	  04C8	DE 03				DJNZ 	R6,LOOPZ21
  545:	  04CA	02 00 5E	        LJMP   	LLL
  546:	  04CD			LOOPZ21 :
  547:	  04CD	12 07 52			LCALL   ZHUANHUAN

ASEM-51 V1.2                                        Copyright (c) 1996 by W.W. Heinz                                         PAGE 11



 Line  I  Addr  Code            Source

  548:	  04D0	12 06 90	        LCALL   CHNTER
  549:	  04D3	12 05 C1	        LCALL   SHOW
  550:	  04D6	02 04 A2	        LJMP    LOOP21
  551:	  04D9			WU2:
  552:	  04D9	75 89 11			MOV 	TMOD,#11H
  553:	  04DC	7A 08		   		MOV 	R2,#8
  554:	  04DE	7E 08		   		MOV 	R6,#8
  555:	  04E0	C2 B4		   		CLR 	P3.4
  556:	  04E2			LOOP12:
  557:	  04E2	75 89 11			MOV 	TMOD,#11H
  558:	  04E5	75 8C EC	      	MOV 	TH0,#0ECH
  559:	  04E8	75 8A 78	      	MOV 	TL0,#78H
  560:	  04EB	D2 8C		      	SETB 	TR0
  561:	  04ED	80 0D		      	SJMP 	LOOP32
  562:	  04EF			LOOP22:
  563:	  04EF	75 89 11			MOV 	TMOD,#11H
  564:	  04F2	75 8D EC	       	MOV 	TH1,#0ECH
  565:	  04F5	75 8B 78	      	MOV 	TL1,#78H
  566:	  04F8	D2 8E		      	SETB 	TR1
  567:	  04FA	80 05		      	SJMP 	LOOP42
  568:	  04FC			LOOP32:
  569:	  04FC	10 8D 07			JBC 	TF0,LOOP52
  570:	  04FF	80 FB		       	SJMP 	LOOP32
  571:	  0501			LOOP42:
  572:	  0501	10 8F 14			JBC 	TF1,LOOP62
  573:	  0504	80 FB		      	SJMP 	LOOP42
  574:	  0506			LOOP52:
  575:	  0506	DA 04				DJNZ 	R2,LOOPZ12
  576:	  0508	D2 B4		       	SETB  	P3.4
  577:	  050A	80 E3		       	SJMP 	LOOP22
  578:	  050C			LOOPZ12:
  579:	  050C	12 07 52			LCALL   ZHUANHUAN
  580:	  050F	12 06 90	        LCALL   CHNTER
  581:	  0512	12 05 C1	        LCALL   SHOW
  582:	  0515	02 04 E2	       	LJMP    LOOP12
  583:	  0518			LOOP62:
  584:	  0518	DE 03				DJNZ 	R6,LOOPZ22
  585:	  051A	02 00 5E	       	LJMP   	LLL
  586:	  051D			LOOPZ22:
  587:	  051D	12 07 52			LCALL   ZHUANHUAN
  588:	  0520	12 06 90	        LCALL   CHNTER
  589:	  0523	12 05 C1	        LCALL   SHOW
  590:	  0526	02 04 EF			LJMP    LOOP22
  591:	  0529			WU3:
  592:	  0529	75 89 11			MOV 	TMOD,#11H
  593:	  052C	7A 0C		   		MOV 	R2,#12
  594:	  052E	7E 04		   		MOV 	R6,#4
  595:	  0530	C2 B4		   		CLR 	P3.4
  596:	  0532			LOOP13:
  597:	  0532	75 8C EC			MOV 	TH0,#0ECH
  598:	  0535	75 8A 78	      	MOV 	TL0,#78H
  599:	  0538	D2 8C		      	SETB 	TR0
  600:	  053A	80 0A		      	SJMP 	LOOP33
  601:	  053C			LOOP23:
  602:	  053C	75 8D EC			MOV 	TH1,#0ECH
  603:	  053F	75 8B 78	      	MOV 	TL1,#78H

ASEM-51 V1.2                                        Copyright (c) 1996 by W.W. Heinz                                         PAGE 12



 Line  I  Addr  Code            Source

  604:	  0542	D2 8E		      	SETB 	TR1
  605:	  0544	80 05		      	SJMP 	LOOP43
  606:	  0546			LOOP33:
  607:	  0546	10 8D 07			JBC 	TF0,LOOP53
  608:	  0549	80 FB		       	SJMP 	LOOP33
  609:	  054B			LOOP43:
  610:	  054B	10 8F 14			JBC 	TF1,LOOP63
  611:	  054E	80 FB		      	SJMP 	LOOP43
  612:	  0550			LOOP53:
  613:	  0550	DA 04				DJNZ 	R2,LOOPZ13
  614:	  0552	D2 B4		       	SETB  	P3.4
  615:	  0554	80 E6		       	SJMP 	LOOP23
  616:	  0556			LOOPZ13:
  617:	  0556	12 07 52			LCALL   ZHUANHUAN
  618:	  0559	12 06 90	        LCALL   CHNTER
  619:	  055C	12 05 C1	        LCALL   SHOW
  620:	  055F	02 05 32			LJMP   	LOOP13
  621:	  0562			LOOP63:
  622:	  0562	DE 03				DJNZ 	R6,LOOPZ23
  623:	  0564	02 00 5E	        LJMP   	LLL
  624:	  0567			LOOPZ23:
  625:	  0567	12 07 52			LCALL   ZHUANHUAN
  626:	  056A	12 06 90	        LCALL   CHNTER
  627:	  056D	12 05 C1	        LCALL   SHOW
  628:	  0570	02 05 3C			LJMP   	LOOP23
  629:	  0573			WU4:
  630:	  0573	75 89 01			MOV 	TMOD,#01H
  631:	  0576	7A 10		    	MOV 	R2,#16
  632:	  0578	C2 B4		    	CLR 	P3.4
  633:	  057A			LOOP14:
  634:	  057A	75 8C EC			MOV 	TH0,#0ECH
  635:	  057D	75 8A 78	       	MOV 	TL0,#78H
  636:	  0580	D2 8C		       	SETB 	TR0
  637:	  0582			LOOP24:
  638:	  0582	10 8D 02			JBC 	TF0,LOOP34
  639:	  0585	80 FB		       	SJMP 	LOOP24
  640:	  0587			LOOP34:
  641:	  0587	DA 05				DJNZ 	R2,LOOPZ14
  642:	  0589	D2 B4		        SETB   	P3.4
  643:	  058B	02 00 5E	        LJMP   	LLL
  644:	  058E			LOOPZ14:
  645:	  058E	12 07 52			LCALL   ZHUANHUAN
  646:	  0591	12 06 90	        LCALL   CHNTER
  647:	  0594	12 05 C1	        LCALL   SHOW
  648:	  0597	02 05 7A			LJMP   	LOOP14
  649:	  059A			WU5:
  650:	  059A	75 89 01			MOV 	TMOD,#01H
  651:	  059D	7A 10		    	MOV 	R2,#16
  652:	  059F	C2 B5		    	CLR  	P3.5
  653:	  05A1			LOOP15:
  654:	  05A1	75 8C EC			MOV 	TH0,#0ECH
  655:	  05A4	75 8A 78	      	MOV 	TL0,#78H
  656:	  05A7	D2 8C		      	SETB 	TR0
  657:	  05A9			LOOP25:
  658:	  05A9	10 8D 02			JBC 	TF0,LOOP35
  659:	  05AC	80 FB		      	SJMP 	LOOP25

ASEM-51 V1.2                                        Copyright (c) 1996 by W.W. Heinz                                         PAGE 13



 Line  I  Addr  Code            Source

  660:	  05AE			LOOP35:
  661:	  05AE	DA 05				DJNZ 	R2,LOOPZ15
  662:	  05B0	D2 B5		       	SETB   	P3.5
  663:	  05B2	02 00 5E	       	LJMP   	LLL
  664:	  05B5			LOOPZ15:
  665:	  05B5	12 07 52			LCALL   ZHUANHUAN
  666:	  05B8	12 06 90	        LCALL   CHNTER
  667:	  05BB	12 05 C1	        LCALL   SHOW
  668:	  05BE	02 05 A1			LJMP   	LOOP15
  669:	  05C1			SHOW:
  670:	  05C1	12 06 46			LCALL	SHIFT
  671:	  05C4	E7		     	MOV   	A,@R1
  672:	  05C5	09		     	INC   	R1
  673:	  05C6	90 06 3B	     	MOV   	DPTR,#TAB
  674:	  05C9	93		     	MOVC   	A,@A+DPTR
  675:	  05CA	F5 90		     	MOV    	P1,A
  676:	  05CC	D2 B0		     	SETB   	P3.0
  677:	  05CE	12 06 7E	     	LCALL   DELAY3
  678:	  05D1	C2 B0		     	CLR    	P3.0
  679:	  05D3	12 06 7E	     	LCALL   DELAY3
  680:
  681:	  05D6	E7		     	MOV   	A,@R1
  682:	  05D7	C4		     	SWAP  	A
  683:	  05D8	54 0F		     	ANL  	A,#0FH
  684:	  05DA	93		     	MOVC   	A,@A+DPTR
  685:	  05DB	F5 90		     	MOV   	P1,A
  686:	  05DD	D2 B1		     	SETB   	P3.1
  687:	  05DF	12 06 7E	     	LCALL   DELAY3
  688:	  05E2	C2 B1		     	CLR   	P3.1
  689:	  05E4	12 06 7E	    	LCALL   DELAY3
  690:
  691:	  05E7	E7		     	MOV  	A,@R1
  692:	  05E8	09		     	INC    	R1
  693:	  05E9	54 0F		     	ANL   	A,#0FH
  694:	  05EB	93		     	MOVC   	A,@A+DPTR
  695:	  05EC	F5 90		     	MOV   	P1,A
  696:	  05EE	D2 B2		     	SETB   	P3.2
  697:	  05F0	12 06 7E	     	LCALL   DELAY3
  698:	  05F3	C2 B2		     	CLR  	P3.2
  699:	  05F5	12 06 7E	     	LCALL   DELAY3
  700:
  701:	  05F8	E7		     	MOV   	A,@R1
  702:	  05F9	09		     	INC    	R1
  703:	  05FA	93		     	MOVC   	A,@A+DPTR
  704:	  05FB	F5 90		     	MOV    	P1,A
  705:	  05FD	D2 A3		     	SETB   	P2.3
  706:	  05FF	12 06 7E	     	LCALL   DELAY3
  707:	  0602	C2 A3		     	CLR    	P2.3
  708:	  0604	12 06 7E	     	LCALL   DELAY3
  709:
  710:	  0607	E7		     	MOV   	A,@R1
  711:	  0608	C4		     	SWAP   	A
  712:	  0609	54 0F		     	ANL   	A,#0FH
  713:	  060B	93		     	MOVC   	A,@A+DPTR
  714:	  060C	F5 90		     	MOV   	P1,A
  715:	  060E	D2 A1		     	SETB   	P2.1

ASEM-51 V1.2                                        Copyright (c) 1996 by W.W. Heinz                                         PAGE 14



 Line  I  Addr  Code            Source

  716:	  0610	12 06 7E	     	LCALL   DELAY3
  717:	  0613	C2 A1		     	CLR   	P2.1
  718:	  0615	12 06 7E	     	LCALL   DELAY3
  719:
  720:	  0618	E7		     	MOV  	A,@R1
  721:	  0619	54 0F		     	ANL   	A,#0FH
  722:	  061B	93		     	MOVC   	A,@A+DPTR
  723:	  061C	F5 90		     	MOV   	P1,A
  724:	  061E	D2 A2		     	SETB   	P2.2
  725:	  0620	12 06 7E	     	LCALL   DELAY3
  726:	  0623	C2 A2		     	CLR   	P2.2
  727:	  0625	12 06 7E	     	LCALL   DELAY3
  728:
  729:	  0628	C2 A4		      	CLR    P2.4
  730:	  062A	C2 A5		 		CLR    P2.5
  731:	  062C	C2 A6				CLR    P2.6
  732:	  062E	C2 A7				CLR    P2.7
  733:	  0630	D2 A4		    	SETB   P2.4
  734:	  0632	D2 A5		 		SETB   P2.5
  735:	  0634	D2 A6				SETB   P2.6
  736:	  0636	D2 A7				SETB   P2.7
  737:	  0638	12 06 7E	     	LCALL   DELAY3
  738:				; 数字代码表
  739:	  063B	3F 06 5B 4F	TAB:    DB  	3FH,06H,5BH,4FH,66H,6DH,7DH,07H,7FH,6FH
	  063F	66 6D 7D 07
	  0643	7F 6F
  740:	  0645	22		     	RET
  741:
  742:	  0646			SHIFT:
  743:	  0646	79 3D				MOV   	R1,#3DH
  744:	  0648	E5 25		      	MOV   	A,25H
  745:	  064A	75 F0 64	      	MOV   	B,#100
  746:	  064D	84		      	DIV   	AB
  747:	  064E	F7		      	MOV   	@R1,A
  748:	  064F	09		      	INC   	R1
  749:	  0650	74 0A		      	MOV   	A,#10
  750:	  0652	C5 F0		      	XCH   	A,B
  751:	  0654	84		      	DIV   	AB
  752:	  0655	C4		      	SWAP   	A
  753:	  0656	25 F0		      	ADD   	A,B
  754:	  0658	F7		      	MOV   	@R1,A
  755:	  0659	09		      	INC    	R1
  756:	  065A	E5 28		      	MOV   	A,28H
  757:	  065C	F7		      	MOV   	@R1,A
  758:	  065D	09		      	INC   	R1
  759:	  065E	E5 34		      	MOV   	A,34H
  760:	  0660	75 F0 0A	      	MOV   	B,#10
  761:	  0663	84		      	DIV   	AB
  762:	  0664	C4		      	SWAP   	A
  763:	  0665	25 F0		      	ADD   	A,B
  764:	  0667	F7		      	MOV   	@R1,A
  765:	  0668	19		      	DEC   	R1
  766:	  0669	19		      	DEC   	R1
  767:	  066A	19		      	DEC   	R1
  768:	  066B	22		      	RET
  769:

ASEM-51 V1.2                                        Copyright (c) 1996 by W.W. Heinz                                         PAGE 15



 Line  I  Addr  Code            Source

  770:	  066C			DELAY1:
  771:	  066C	7D 0A				MOV  	R5,#10
  772:	  066E			DE11 :
  773:	  066E	7C 50				MOV  	R4,#80
  774:	  0670			DE12:
  775:	  0670	DC FE				DJNZ   	R4,DE12
  776:	  0672	DD FA		        DJNZ   	R5,DE11
  777:	  0674	22		        RET
  778:
  779:	  0675			DELAY2:
  780:	  0675	7D 14				MOV	R5,#20
  781:	  0677			DE21:
  782:	  0677	7C 50				MOV     R4,#80
  783:	  0679			DE22:
  784:	  0679	DC FE				DJNZ   	R4,DE22
  785:	  067B	DD FA		        DJNZ  	R5,DE21
  786:	  067D	22		        RET
  787:
  788:	  067E			DELAY3:
  789:	  067E	7D 1E				MOV     R5,#30
  790:	  0680			DE31:
  791:	  0680	7C 1E				MOV     R4,#30
  792:	  0682			DE32:
  793:	  0682	DC FE				DJNZ    R4,DE32
  794:	  0684	DD FA		        DJNZ    R5,DE31
  795:	  0686	22		        RET
  796:
  797:	  0687			DELAY4:
  798:	  0687	7D 64				MOV     R5,#100
  799:	  0689			DE41:
  800:	  0689	7C 3C				MOV     R4,#60
  801:	  068B			DE42:
  802:	  068B	DC FE				DJNZ   	R4,DE42
  803:	  068D	DD FA		        DJNZ  	R5,DE41
  804:	  068F	22		        RET
  805:
  806:	  0690			CHNTER:
  807:	  0690	75 21 65			MOV   	21H,#101
  808:	  0693	75 22 00	        MOV   	22H,#0
  809:	  0696	E6		        MOV   	A,@R0
  810:	  0697	85 21 F0	        MOV   	B,21H
  811:	  069A	A4		        MUL   	AB
  812:	  069B	25 22		        ADD   	A,22H
  813:	  069D	F5 24		        MOV   	24H,A
  814:	  069F	E5 F0		        MOV   	A,B
  815:	  06A1	35 23		        ADDC  	A,23H
  816:	  06A3	F5 25		        MOV   	25H,A
  817:	  06A5	22		        RET
  818:
  819:	  06A6			FILTER:
  820:	  06A6	E5 31				MOV   	A,31H
  821:	  06A8	B5 32 02	        CJNE   	A,32H,CMP1
  822:	  06AB	C1 B3		        AJMP   	CMP2
  823:	  06AD			CMP1:
  824:	  06AD	50 04				JNC	CMP2
  825:	  06AF	C5 32		     	XCH     A,32H

ASEM-51 V1.2                                        Copyright (c) 1996 by W.W. Heinz                                         PAGE 16



 Line  I  Addr  Code            Source

  826:	  06B1	C5 31		     	XCH     A,31H
  827:	  06B3			CMP2:
  828:	  06B3	E5 32				MOV     A,32H
  829:	  06B5	B5 33 03	     	CJNE    A,33H,CMP3
  830:	  06B8	F5 38		     	MOV     38H,A
  831:	  06BA	22		     	RET
  832:	  06BB			CMP3:
  833:	  06BB	40 03				JC      CMP4
  834:	  06BD	F5 38		     	MOV     38H,A
  835:	  06BF	22		     	RET
  836:	  06C0			CMP4:
  837:	  06C0	E5 33				MOV   	A,33H
  838:	  06C2	B5 31 03	      	CJNE    A,31H,CMP5
  839:	  06C5	F5 38		      	MOV     38H,A
  840:	  06C7	22		      	RET
  841:	  06C8			CMP5:
  842:	  06C8	40 02				JC      CMP6
  843:	  06CA	C5 31		     	XCH     A,31H
  844:	  06CC			CMP6:
  845:	  06CC	F5 38				MOV     38H,A
  846:	  06CE	22		     	RET
  847:
  848:	  06CF			MULT1:
  849:	  06CF	E5 39				MOV	A,39H
  850:	  06D1	64 00		      	XRL    	A,#00H
  851:	  06D3	20 E7 03	      	JB     	ACC.7,NEGFU1
  852:	  06D6	02 06 EA	      	LJMP   	POS1
  853:	  06D9			NEGFU1:
  854:	  06D9	E5 39				MOV    	A,39H
  855:	  06DB	F4		      	CPL    	A
  856:	  06DC	24 01		      	ADD    	A,#01H
  857:	  06DE	75 F0 02	      	MOV    	B,#02H
  858:	  06E1	A4		      	MUL    	AB
  859:	  06E2	F5 3C		      	MOV    	3CH,A
  860:	  06E4	F4				CPL    	A
  861:	  06E5	24 01		      	ADD    	A,#01H
  862:	  06E7	F5 36		      	MOV    	36H,A
  863:	  06E9	22			RET
  864:	  06EA			POS1:
  865:	  06EA	E5 39				MOV    	A,39H
  866:	  06EC	75 F0 02	      	MOV    	B,#02H
  867:	  06EF	A4		      	MUL   	AB
  868:	  06F0	F5 36		      	MOV    	36H,A
  869:	  06F2	22		      	RET
  870:
  871:	  06F3			MULT2:
  872:	  06F3	E5 3B				MOV    	A,3BH
  873:	  06F5	64 00		      	XRL    	A,#00H
  874:	  06F7	20 E7 03	      	JB     	ACC.7,NEGFU2
  875:	  06FA	02 07 20	      	LJMP   	POS2
  876:	  06FD			NEGFU2:
  877:	  06FD	E5 3B				MOV    	A,3BH
  878:	  06FF	F4		        CPL    	A
  879:	  0700	24 01		        ADD     A,#01H
  880:	  0702	75 F0 02	        MOV     B,#2
  881:	  0705	A4		        MUL     AB

ASEM-51 V1.2                                        Copyright (c) 1996 by W.W. Heinz                                         PAGE 17



 Line  I  Addr  Code            Source

  882:	  0706	F5 2C		        MOV     2CH,A
  883:	  0708	E5 3B		        MOV     A,3BH
  884:	  070A	F4		        CPL     A
  885:	  070B	24 01		        ADD     A,#01H
  886:	  070D	75 F0 02	        MOV     B,#2
  887:	  0710	84				DIV     AB
  888:	  0711	F5 2D				MOV     2DH,A
  889:	  0713	85 2C F0			MOV     B,2CH
  890:	  0716	25 F0				ADD     A,B
  891:	  0718	F5 3C		        MOV     3CH,A
  892:	  071A	F4		        CPL     A
  893:	  071B	24 01		        ADD     A,#01H
  894:	  071D	F5 37				MOV     37H,A
  895:	  071F	22			RET
  896:	  0720			POS2:
  897:	  0720	E5 3B				MOV     A,3BH
  898:	  0722	75 F0 02	    	MOV     B,#2
  899:	  0725	A4				MUL     AB
  900:	  0726	F5 2C				MOV     2CH,A
  901:	  0728	E5 3B				MOV     A,3BH
  902:	  072A	75 F0 02			MOV     B,#2
  903:	  072D	84				DIV     AB
  904:	  072E	F5 2D				MOV     2DH,A
  905:	  0730	85 2C F0			MOV     B,2CH
  906:	  0733	25 F0				ADD     A,B
  907:	  0735	F5 37				MOV    	37H,A
  908:	  0737	22		      	RET
  909:
  910:	  0738			WUCHA:
  911:	  0738	E5 34				MOV  	A,34H
  912:	  073A	75 F0 0A	        MOV     B,#10
  913:	  073D	A4		        MUL     AB
  914:	  073E	F5 2A		        MOV     2AH,A
  915:	  0740	85 28 F0	        MOV     B,28H
  916:	  0743	25 F0		        ADD     A,B
  917:	  0745	F5 2B		        MOV     2BH,A
  918:	  0747	E5 25		        MOV     A,25H
  919:	  0749	85 2B F0	        MOV     B,2BH
  920:	  074C	C3		        CLR     C
  921:	  074D	95 F0		        SUBB    A,B
  922:	  074F	F5 2E		        MOV     2EH,A
  923:	  0751	22			RET
  924:
  925:	  0752			ZHUANHUAN:
  926:	  0752	D2 B3		 		SETB  	P3.3
  927:	  0754	00		 		NOP
  928:	  0755	00		 		NOP
  929:	  0756	C2 B3		 		CLR   	P3.3 		; 将地址传送到ADC
  930:	  0758	00		 		NOP
  931:	  0759	00		 		NOP
  932:	  075A	D2 A0		 		SETB  	P2.0
  933:	  075C	00		 		NOP
  934:	  075D	00		 		NOP
  935:	  075E	C2 A0		 		CLR   	P2.0 		; 启动转换
  936:	  0760	00		 		NOP
  937:	  0761	00		 		NOP

ASEM-51 V1.2                                        Copyright (c) 1996 by W.W. Heinz                                         PAGE 18



 Line  I  Addr  Code            Source

  938:	  0762			WAIT:
  939:	  0762	20 B7 02	 		JB    	P3.7, MOVD 	; 结束转换
  940:	  0765	E1 62		 		AJMP   	WAIT      	; 等待转换结束
  941:	  0767			MOVD:
  942:	  0767	C2 B6		 		CLR   	P3.6
  943:	  0769	00		 		NOP
  944:	  076A	00		 		NOP
  945:	  076B	D2 B6		 		SETB  	P3.6       	; 在ADC端口输出转换数据
  946:	  076D	00		 		NOP
  947:	  076E	00		 		NOP
  948:	  076F	E5 80		 		MOV   	A,P0	  	; 将ADC中的数据保存到Acc
  949:	  0771	F6				MOV   	@R0,A	  	; 将Acc暂存到R0
  950:	  0772	C2 B6				CLR   	P3.6	  	; DAC输出浮点数
  951:	  0774	00		 		NOP
  952:	  0775	00		 	NOP
  953:	  0776	22		 	RET
  954:				END





                     register banks used:  ---

                     no errors




ASEM-51 V1.2                                        Copyright (c) 1996 by W.W. Heinz                                         PAGE 19





	       L I S T   O F   S Y M B O L S
	       =============================


SYMBOL				  TYPE     VALUE	LINE
------------------------------------------------------------
AC				  BIT	      D6
ACC				  DATA	      E0
B				  DATA	      F0
CHNTER				  CODE	    0690	 806
CMP1				  CODE	    06AD	 823
CMP2				  CODE	    06B3	 827
CMP3				  CODE	    06BB	 832
CMP4				  CODE	    06C0	 836
CMP5				  CODE	    06C8	 841
CMP6				  CODE	    06CC	 844
CY				  BIT	      D7
DE11				  CODE	    066E	 772
DE12				  CODE	    0670	 774
DE21				  CODE	    0677	 781
DE22				  CODE	    0679	 783
DE31				  CODE	    0680	 790
DE32				  CODE	    0682	 792
DE41				  CODE	    0689	 799
DE42				  CODE	    068B	 801
DELAY1				  CODE	    066C	 770
DELAY2				  CODE	    0675	 779
DELAY3				  CODE	    067E	 788
DELAY4				  CODE	    0687	 797
DPH				  DATA	      83
DPL				  DATA	      82
EA				  BIT	      AF
ES				  BIT	      AC
ET0				  BIT	      A9
ET1				  BIT	      AB
EX0				  BIT	      A8
EX1				  BIT	      AA
EXTI0				  CODE	    0003
EXTI1				  CODE	    0013
F0				  BIT	      D5
FILTER				  CODE	    06A6	 819
IE				  DATA	      A8
IE0				  BIT	      89
IE1				  BIT	      8B
INT0				  BIT	      B2
INT1				  BIT	      B3
IP				  DATA	      B8
IT0				  BIT	      88
IT1				  BIT	      8A
KEY0				  CODE	    007F	  30
KEY01				  CODE	    0223	 187
KEY02				  CODE	    015A	 113
KEY1				  CODE	    0091	  37
KEY2				  CODE	    00A3	  44
KEY22				  CODE	    00F2	  72
KEY3				  CODE	    0103	  81

ASEM-51 V1.2                                        Copyright (c) 1996 by W.W. Heinz                                         PAGE 20



SYMBOL				  TYPE     VALUE	LINE
------------------------------------------------------------
KEY33				  CODE	    014F	 108
KEY5				  CODE	    015D	 115
KEY51				  CODE	    0100	  79
KEY55				  CODE	    01AC	 143
KEY6				  CODE	    01B7	 148
KEY66				  CODE	    0218	 182
KONGZHI				  CODE	    0226	 189
KONGZHI1			  CODE	    00FD	  77
LLL				  CODE	    005E	  17
LOOP1				  CODE	    046F	 498
LOOP11				  CODE	    0498	 518
LOOP12				  CODE	    04E2	 556
LOOP13				  CODE	    0532	 596
LOOP14				  CODE	    057A	 633
LOOP15				  CODE	    05A1	 653
LOOP2				  CODE	    0477	 502
LOOP21				  CODE	    04A2	 523
LOOP22				  CODE	    04EF	 562
LOOP23				  CODE	    053C	 601
LOOP24				  CODE	    0582	 637
LOOP25				  CODE	    05A9	 657
LOOP3				  CODE	    047C	 504
LOOP31				  CODE	    04AC	 528
LOOP32				  CODE	    04FC	 568
LOOP33				  CODE	    0546	 606
LOOP34				  CODE	    0587	 640
LOOP35				  CODE	    05AE	 660
LOOP41				  CODE	    04B1	 531
LOOP42				  CODE	    0501	 571
LOOP43				  CODE	    054B	 609
LOOP51				  CODE	    04B6	 534
LOOP52				  CODE	    0506	 574
LOOP53				  CODE	    0550	 612
LOOP61				  CODE	    04C8	 543
LOOP62				  CODE	    0518	 583
LOOP63				  CODE	    0562	 621
LOOPZ1				  CODE	    0483	 508
LOOPZ11				  CODE	    04BC	 538
LOOPZ12				  CODE	    050C	 578
LOOPZ13				  CODE	    0556	 616
LOOPZ14				  CODE	    058E	 644
LOOPZ15				  CODE	    05B5	 664
LOOPZ21				  CODE	    04CD	 546
LOOPZ22				  CODE	    051D	 586
LOOPZ23				  CODE	    0567	 624
MOVD				  CODE	    0767	 941
MULT1				  CODE	    06CF	 848
MULT2				  CODE	    06F3	 871
NEGFU1				  CODE	    06D9	 853
NEGFU2				  CODE	    06FD	 876
OV				  BIT	      D2
P				  BIT	      D0
P0				  DATA	      80
P1				  DATA	      90
P2				  DATA	      A0
P3				  DATA	      B0

ASEM-51 V1.2                                        Copyright (c) 1996 by W.W. Heinz                                         PAGE 21



SYMBOL				  TYPE     VALUE	LINE
------------------------------------------------------------
PCON				  DATA	      87
POS1				  CODE	    06EA	 864
POS2				  CODE	    0720	 896
PS				  BIT	      BC
PSW				  DATA	      D0
PT0				  BIT	      B9
PT1				  BIT	      BB
PX0				  BIT	      B8
PX1				  BIT	      BA
RB8				  BIT	      9A
RD				  BIT	      B7
REN				  BIT	      9C
RESET				  CODE	    0000
RI				  BIT	      98
RS0				  BIT	      D3
RS1				  BIT	      D4
RXD				  BIT	      B0
SBUF				  DATA	      99
SCON				  DATA	      98
SHIFT				  CODE	    0646	 742
SHOW				  CODE	    05C1	 669
SINT				  CODE	    0023
SM0				  BIT	      9F
SM1				  BIT	      9E
SM2				  BIT	      9D
SP				  DATA	      81
START				  CODE	    0040	   4
T0				  BIT	      B4
T1				  BIT	      B5
TAB				  CODE	    063B	 739
TB8				  BIT	      9B
TCON				  DATA	      88
TF0				  BIT	      8D
TF1				  BIT	      8F
TH0				  DATA	      8C
TH1				  DATA	      8D
TI				  BIT	      99
TIMER0				  CODE	    000B
TIMER1				  CODE	    001B
TL0				  DATA	      8A
TL1				  DATA	      8B
TMOD				  DATA	      89
TR0				  BIT	      8C
TR1				  BIT	      8E
TXD				  BIT	      B1
WAIT				  CODE	    0762	 938
WR				  BIT	      B6
WU0				  CODE	    0468	 494
WU1				  CODE	    048F	 513
WU2				  CODE	    04D9	 551
WU3				  CODE	    0529	 591
WU4				  CODE	    0573	 629
WU5				  CODE	    059A	 649
WUCHA				  CODE	    0738	 910
ZHUANHUAN			  CODE	    0752	 925
ZZP				  CODE	    0260	 212

ASEM-51 V1.2                                        Copyright (c) 1996 by W.W. Heinz                                         PAGE 22



SYMBOL				  TYPE     VALUE	LINE
------------------------------------------------------------
ZZP1				  CODE	    026A	 216
ZZP10				  CODE	    02CA	 266
ZZP11				  CODE	    02D2	 270
ZZP12				  CODE	    02DA	 274
ZZP13				  CODE	    02DF	 277
ZZP14				  CODE	    02E9	 282
ZZP141				  CODE	    02EE	 285
ZZP15				  CODE	    02F1	 287
ZZP151				  CODE	    02F6	 290
ZZP16				  CODE	    02F9	 292
ZZP17				  CODE	    02FE	 295
ZZP18				  CODE	    0318	 309
ZZP181				  CODE	    031D	 312
ZZP19				  CODE	    0320	 314
ZZP2				  CODE	    0272	 220
ZZP20				  CODE	    0328	 318
ZZP21				  CODE	    0330	 322
ZZP22				  CODE	    0338	 326
ZZP23				  CODE	    0340	 330
ZZP24				  CODE	    0348	 334
ZZP25				  CODE	    0350	 338
ZZP26				  CODE	    0355	 341
ZZP27				  CODE	    035F	 346
ZZP271				  CODE	    0364	 349
ZZP28				  CODE	    0367	 351
ZZP29				  CODE	    036F	 355
ZZP291				  CODE	    0374	 358
ZZP3				  CODE	    027A	 224
ZZP30				  CODE	    0377	 360
ZZP301				  CODE	    037C	 363
ZZP31				  CODE	    037F	 365
ZZP32				  CODE	    0389	 370
ZZP321				  CODE	    038E	 373
ZZP33				  CODE	    0391	 375
ZZP331				  CODE	    039B	 380
ZZP34				  CODE	    039E	 382
ZZP35				  CODE	    03A6	 386
ZZP36				  CODE	    03AE	 390
ZZP361				  CODE	    03B3	 393
ZZP37				  CODE	    03B6	 395
ZZP38				  CODE	    03C0	 400
ZZP39				  CODE	    03C8	 404
ZZP391				  CODE	    03D5	 411
ZZP4				  CODE	    027F	 227
ZZP40				  CODE	    03D8	 413
ZZP41				  CODE	    03E0	 417
ZZP42				  CODE	    03E8	 421
ZZP421				  CODE	    03ED	 424
ZZP43				  CODE	    03F0	 426
ZZP44				  CODE	    03F8	 430
ZZP45				  CODE	    0400	 434
ZZP451				  CODE	    0405	 437
ZZP46				  CODE	    0408	 439
ZZP461				  CODE	    040D	 442
ZZP47				  CODE	    0410	 444
ZZP48				  CODE	    0418	 448

ASEM-51 V1.2                                        Copyright (c) 1996 by W.W. Heinz                                         PAGE 23



SYMBOL				  TYPE     VALUE	LINE
------------------------------------------------------------
ZZP481				  CODE	    041D	 451
ZZP49				  CODE	    0420	 453
ZZP491				  CODE	    0425	 456
ZZP5				  CODE	    0289	 232
ZZP50				  CODE	    0428	 458
ZZP51				  CODE	    0430	 462
ZZP52				  CODE	    0438	 466
ZZP53				  CODE	    0440	 470
ZZP531				  CODE	    0445	 473
ZZP54				  CODE	    0448	 475
ZZP541				  CODE	    044D	 478
ZZP55				  CODE	    0450	 480
ZZP551				  CODE	    0455	 483
ZZP56				  CODE	    0458	 485
ZZP57				  CODE	    0460	 489
ZZP571				  CODE	    0465	 492
ZZP6				  CODE	    02A8	 249
ZZP7				  CODE	    02B2	 254
ZZP8				  CODE	    02BA	 258
ZZP9				  CODE	    02C2	 262
ZZPP17				  CODE	    0308	 300
ZZPP171				  CODE	    0310	 304
ZZPP1711			  CODE	    0315	 307
ZZPP39				  CODE	    03D0	 408
ZZPP5				  CODE	    028E	 235
ZZPP51				  CODE	    0298	 240
ZZPP52				  CODE	    02A0	 244
ZZPP521				  CODE	    02A5	 247
