C51 COMPILER V8.05a   INPUTNUMBER                                                          08/08/2007 08:55:16 PAGE 1   


C51 COMPILER V8.05a, COMPILATION OF MODULE INPUTNUMBER
OBJECT MODULE PLACED IN InputNumber.obj
COMPILER INVOKED BY: C:\Keil\C51\BIN\C51.EXE sources\InputNumber.c BROWSE INCDIR(.\include;.\include) DEBUG OBJECTEXTEND
                    - PRINT(.\InputNumber.lst) OBJECT(InputNumber.obj)

line level    source

   1          //*************************************************************************************************
   2          //*                                                                                                                                                                                               *
   3          //*                      ******************************数字处理程序**************************                             *
   4          //*                                                                                                                                                                                               *
   5          //*************************************************************************************************
   6          
   7          //*************************************************************************************************
   8          //*                                                                                                                                                                                               *
   9          //*                       ********************************函数实现******************************                          *
  10          //*                                                                                                                                                                                               *
  11          //*************************************************************************************************
  12          unsigned char ucGetNum(unsigned char ucKeyCode)
  13          {
  14   1                      switch(ucKeyCode)
  15   1                              {
  16   2                              case 11:return '7';break;
  17   2                              case 12:return '8';break;
  18   2                              case 13:return '9';break;
  19   2                              case 21:return '4';break;
  20   2                              case 22:return '5';break;
  21   2                              case 23:return '6';break;
  22   2                              case 31:return '1';break;
  23   2                              case 32:return '2';break;
  24   2                              case 33:return '3';break;
  25   2                              case 42:return '0';break;
  26   2      
  27   2                              default:break;
  28   2                              }
  29   1                      return 0xFF;
  30   1      }


MODULE INFORMATION:   STATIC OVERLAYABLE
   CODE SIZE        =     71    ----
   CONSTANT SIZE    =   ----    ----
   XDATA SIZE       =   ----    ----
   PDATA SIZE       =   ----    ----
   DATA SIZE        =   ----    ----
   IDATA SIZE       =   ----    ----
   BIT SIZE         =   ----    ----
END OF MODULE INFORMATION.


C51 COMPILATION COMPLETE.  0 WARNING(S),  0 ERROR(S)
