C51 COMPILER V8.05a   KEYPORCESS                                                           08/04/2007 08:13:54 PAGE 1   


C51 COMPILER V8.05a, COMPILATION OF MODULE KEYPORCESS
OBJECT MODULE PLACED IN KeyPorcess.obj
COMPILER INVOKED BY: C:\Keil\C51\BIN\C51.EXE sources\KeyPorcess.c BROWSE INCDIR(.\include) DEBUG OBJECTEXTEND PRINT(.\Ke
                    -yPorcess.lst) OBJECT(KeyPorcess.obj)

line level    source

   1          //*************************************************************************************************
   2          //*************************************************************************************************
   3          //**<程序名>：按键处理子函数                                                                                                                                     **
   4          //**<功能>：当有外部中断0时调用此函数，获得键码，进行相应处理。                                                              **
   5          //*************************************************************************************************
   6          //*************************************************************************************************
   7          
   8          
   9          //*************************************************************************************************
  10          //*                                                                                                                                                                                               *
  11          //*                      ******************************头文件及宏定义**************************                           *
  12          //*                                                                                                                                                                                               *
  13          //*************************************************************************************************
  14          #include "Calculator.h"
*** WARNING C318 IN LINE 14 OF sources\KeyPorcess.c: can't open file 'Calculator.h'
  15          #include "Timer.h"
*** WARNING C318 IN LINE 15 OF sources\KeyPorcess.c: can't open file 'Timer.h'
  16          
  17          
  18          //*************************************************************************************************
  19          //*                                                                                                                                                                                               *
  20          //*                       ********************************全局变量******************************                          *
  21          //*                                                                                                                                                                                               *
  22          //*************************************************************************************************
  23          
  24          extern bit b_KeyShock;                          //键盘防抖动标志位。
  25          
  26          //<<<<<<<<<<<<<<<<<<<<<<<<<<<<<<<<<<<工作模式(默认为计算器模式)>>>>>>>>>>>>>>>>>>>>>>>>>>>>>>>>>>>>
  27          bit b_WorkMode=0;                                        //0--计算器模式；
  28                                                                                   //1--计时模式。
  29          
  30          //*************************************************************************************************
  31          //*                                                                                                                                                                                               *
  32          //*              ********************************按键处理函数主函数******************************                 *
  33          //*                                                                                                                                                                                               *
  34          //************************************************************************************************* 
  35          void vKeyProcess(unsigned char ucKeyCodeTemp)
  36          {
  37   1              if(b_WorkMode==1)
  38   1                      vTimer(ucKeyCodeTemp);                  //当工作模式为计时模式时调用计时器处理函数。
*** WARNING C206 IN LINE 38 OF SOURCES\KEYPORCESS.C: 'vTimer': missing function-prototype
*** ERROR C267 IN LINE 38 OF SOURCES\KEYPORCESS.C: 'vTimer': requires ANSI-style prototype
  39   1              else 
  40   1                      vCalculator(ucKeyCodeTemp);         //当工作模式为计算器模式时调用计算器处理函数。
  41   1      
  42   1      
  43   1      }

C51 COMPILATION COMPLETE.  3 WARNING(S),  1 ERROR(S)
