C51 COMPILER V7.50   1616                                                                  05/19/2006 09:10:07 PAGE 1   


C51 COMPILER V7.50, COMPILATION OF MODULE 1616
OBJECT MODULE PLACED IN 1616.OBJ
COMPILER INVOKED BY: C:\Keil\C51\BIN\C51.EXE 1616.C BROWSE DEBUG OBJECTEXTEND

line level    source

   1          #include <atmel\regx52.h>
   2          
   3          #define int8 unsigned char
   4          #define int16 unsigned int
   5          #define int32 unsigned long 
   6          
   7          
   8          int8 flag;
   9          int8 n;
  10          //字模提取方式(PCtoLcd2002)：阴码、逆向、逐行式，再顺时针转90度
  11          int8 code table2[][32]={
  12          {0x00,0x00,0x00,0x00,0x00,0x00,0x00,0x00,0x00,0x00,0x00,0x00,0x00,0x00,0x00,0x00,0x00,0x00,0x00,0x00,0x00,
             -0x00,0x00,0x00,0x00,0x00,0x00,0x00,0x00,0x00,0x00,0x00},/* "  " */
  13          
  14          
  15          {0x04,0x28,0x08,0x24,0x32,0x22,0xC2,0x21,0xC2,0x26,0x34,0x38,0x04,0x04,0x08,0x18,0x30,0xF0,0xC0,0x17,0x60,
             -0x10,0x18,0x10,0x0C,0x14,0x06,0x18,0x04,0x10,0x00,0x00},/*"欢",0*/
  16          {0x02,0x02,0x04,0x82,0xF8,0x73,0x04,0x20,0x02,0x00,0xE2,0x3F,0x42,0x20,0x82,0x40,0x02,0x40,0xFA,0x3F,0x02,
             -0x20,0x42,0x20,0x22,0x20,0xC2,0x3F,0x02,0x00,0x00,0x00},/*"迎",1*/
  17          {0x00,0x01,0x04,0x02,0x1C,0x0C,0xC0,0x3F,0x1C,0xC0,0x02,0x09,0x02,0x16,0x92,0x60,0x4A,0x20,0x82,0x2F,0x02,
             -0x20,0x0E,0x24,0x00,0x22,0x90,0x31,0x0C,0x20,0x00,0x00},/*"您",2*/
  18          {0x44,0x10,0x44,0x14,0x88,0x54,0x88,0x54,0xD0,0x5F,0x30,0x50,0x60,0x50,0xFE,0x7F,0x40,0x50,0x20,0x90,0xB0,
             -0x9F,0x98,0x92,0x8C,0x94,0x88,0x34,0x80,0x11,0x00,0x00},/*"乘",3*/
  19          {0x82,0x00,0x02,0x01,0x22,0x06,0x22,0x38,0x22,0x04,0x22,0x03,0x22,0x00,0xFE,0xFF,0xA2,0x00,0x22,0x01,0x22,
             -0x02,0x22,0x3C,0x22,0x02,0x02,0x01,0x02,0x00,0x00,0x00},/*"坐",4*/
  20          {0x02,0x00,0x0C,0x00,0xF0,0x3F,0x00,0x20,0x00,0x20,0x00,0x20,0x00,0x20,0x00,0xA0,0x00,0x60,0x00,0x20,0x00,
             -0x20,0x00,0x20,0x00,0x20,0x00,0x20,0x00,0x20,0x00,0x00},/*"广",5*/
  21          {0x80,0x00,0x01,0x07,0x06,0x00,0x18,0x00,0xE0,0xFF,0x00,0x04,0x00,0x03,0x00,0x00,0xFE,0x7F,0x00,0x08,0x00,
             -0x06,0x80,0x01,0x00,0x00,0xFF,0xFF,0x00,0x00,0x00,0x00},/*"州",6*/
  22          {0x00,0x00,0x04,0x20,0x04,0x21,0x04,0x21,0x04,0x21,0x04,0x21,0x04,0x21,0x04,0x21,0x04,0x21,0x04,0x21,0x04,
             -0x21,0x04,0x21,0x04,0x21,0x04,0x20,0x04,0x00,0x00,0x00},/*"三",7*/
  23          {0x20,0x08,0x20,0x86,0x7F,0x60,0x80,0x0F,0x00,0x04,0x00,0x1A,0x00,0xEA,0x00,0x2A,0x00,0x2A,0x00,0x2A,0x00,
             -0x2A,0xF0,0x2B,0x0C,0x28,0x02,0x20,0x0F,0x00,0x00,0x00},/*"汽",8*/
  24          {0x00,0x00,0x80,0x00,0x04,0x01,0x0E,0x02,0x14,0x0C,0x24,0x70,0xC4,0x21,0x8C,0x00,0x08,0x00,0x08,0x70,0x28,
             -0x08,0x1E,0x06,0x0C,0x03,0x80,0x01,0x00,0x01,0x00,0x00},/*"公",9*/
  25          {0x00,0x00,0x00,0x08,0xF8,0x49,0x20,0x49,0x20,0x49,0x20,0x49,0x20,0x49,0x20,0x49,0x20,0x49,0xF0,0x49,0x00,
             -0x48,0x04,0x40,0x02,0x40,0xFC,0x7F,0x00,0x00,0x00,0x00},/*"司",10*/
  26          {0x00,0x00,0x80,0x00,0x04,0x01,0x0E,0x02,0x14,0x0C,0x24,0x70,0xC4,0x21,0x8C,0x00,0x08,0x00,0x08,0x70,0x28,
             -0x08,0x1E,0x06,0x0C,0x03,0x80,0x01,0x00,0x01,0x00,0x00},/*"公",11*/
  27          {0x40,0x00,0x40,0x08,0x41,0x08,0x42,0x08,0x4C,0x08,0xF8,0x7F,0x50,0x08,0x40,0x08,0x40,0x08,0x60,0x08,0xD0,
             -0x7F,0x4C,0x08,0x47,0x08,0x42,0x08,0x40,0x00,0x00,0x00},/*"共",12*/
  28          {0x20,0x08,0x20,0x86,0x7F,0x60,0x80,0x0F,0x00,0x04,0x00,0x1A,0x00,0xEA,0x00,0x2A,0x00,0x2A,0x00,0x2A,0x00,
             -0x2A,0xF0,0x2B,0x0C,0x28,0x02,0x20,0x0F,0x00,0x00,0x00},/*"汽",13*/
  29          {0x20,0x00,0x20,0x20,0x20,0x21,0x20,0x23,0x20,0x25,0x20,0x39,0x20,0xE1,0x20,0x21,0xFF,0x2F,0x20,0x21,0x20,
             -0x21,0x20,0x21,0x20,0x21,0x20,0x21,0x20,0x00,0x00,0x00},/*"车",14*/
  30          {0x00,0x00,0x00,0x00,0x1A,0x00,0x1C,0x00,0x00,0x00,0x00,0x00,0x00,0x00,0x00,0x00,0x00,0x00,0x00,0x00,0x00,
             -0x00,0x00,0x00,0x00,0x00,0x00,0x00,0x00,0x00,0x00,0x00},/*"，",15*/
  31          {0x00,0x04,0x01,0x04,0x02,0x04,0x04,0x04,0x08,0x04,0x30,0x04,0xC0,0x05,0x00,0xFE,0x80,0x05,0x60,0x04,0x10,
             -0x04,0x0C,0x04,0x06,0x04,0x03,0x04,0x02,0x04,0x00,0x00},/*"大",16*/
  32          {0x00,0x02,0x40,0x0C,0x40,0x08,0x40,0x48,0x40,0x3A,0x40,0x2A,0x42,0x0A,0x41,0x8A,0xFE,0x7A,0x40,0x2B,0x40,
             -0x0A,0x40,0x18,0x40,0xEA,0x40,0x4C,0x40,0x08,0x00,0x00},/*"学",17*/
  33          {0x20,0x08,0x30,0x08,0xE0,0xFF,0x42,0x08,0x4C,0x08,0xF0,0x1F,0x10,0x12,0x1A,0x12,0xF2,0x13,0x04,0x10,0xC8,
             -0xFF,0x30,0x10,0xCC,0x50,0x02,0x37,0x1C,0x12,0x00,0x00},/*"城",18*/
  34          {0x00,0x00,0x00,0x00,0x00,0x00,0x00,0x00,0x00,0x00,0x0C,0x0E,0x14,0x10,0x24,0x10,0x44,0x10,0x84,0x11,0x0C,
             -0x0E,0x00,0x00,0x00,0x00,0x00,0x00,0x00,0x00,0x00,0x00},/*"2",0*/
C51 COMPILER V7.50   1616                                                                  05/19/2006 09:10:07 PAGE 2   

  35          {0x04,0x02,0x44,0x06,0xC4,0x1A,0x48,0xE3,0x48,0x46,0x48,0x00,0x04,0x09,0x04,0x09,0x08,0x09,0xC8,0xFF,0x30,
             -0x09,0x28,0x49,0x44,0x39,0x02,0x29,0x1F,0x01,0x00,0x00},/*"线",19*/
  36          {0x00,0x02,0x02,0x42,0x04,0x42,0x08,0x42,0x30,0x42,0xC0,0x7F,0x00,0x42,0x00,0x42,0x00,0x42,0x00,0x42,0xFE,
             -0x7F,0x00,0x42,0x00,0x42,0x00,0x42,0x00,0x42,0x00,0x00},/*"开",20*/
  37          {0x40,0x04,0x80,0x08,0x00,0x11,0xFF,0xEF,0x00,0x44,0x02,0x10,0x82,0x10,0x82,0x10,0x82,0x90,0xFE,0x7F,0x82,
             -0x50,0x82,0x10,0x82,0x10,0x82,0x10,0x02,0x10,0x00,0x00},/*"往",21*/
  38          {0x00,0x04,0x01,0x04,0x02,0x04,0x04,0x04,0x08,0x04,0x30,0x04,0xC0,0x05,0x00,0xFE,0x80,0x05,0x60,0x04,0x10,
             -0x04,0x0C,0x04,0x06,0x04,0x03,0x04,0x02,0x04,0x00,0x00},/*"大",22*/
  39          {0x00,0x02,0x40,0x0C,0x40,0x08,0x40,0x48,0x40,0x3A,0x40,0x2A,0x42,0x0A,0x41,0x8A,0xFE,0x7A,0x40,0x2B,0x40,
             -0x0A,0x40,0x18,0x40,0xEA,0x40,0x4C,0x40,0x08,0x00,0x00},/*"学",23*/
  40          {0x20,0x08,0x30,0x08,0xE0,0xFF,0x42,0x08,0x4C,0x08,0xF0,0x1F,0x10,0x12,0x1A,0x12,0xF2,0x13,0x04,0x10,0xC8,
             -0xFF,0x30,0x10,0xCC,0x50,0x02,0x37,0x1C,0x12,0x00,0x00},/*"城",24*/
  41          {0x00,0x00,0x00,0x00,0x1A,0x00,0x1C,0x00,0x00,0x00,0x00,0x00,0x00,0x00,0x00,0x00,0x00,0x00,0x00,0x00,0x00,
             -0x00,0x00,0x00,0x00,0x00,0x00,0x00,0x00,0x00,0x00,0x00},/*"，",25*/
  42          {0x00,0x02,0x00,0x42,0x00,0x32,0xFE,0x23,0x04,0x00,0x08,0x44,0xFF,0x55,0x50,0x55,0x50,0x55,0x50,0xFD,0x52,
             -0x55,0x51,0x55,0xFE,0x55,0x00,0x44,0x00,0x04,0x00,0x00},/*"请",26*/
  43          {0x00,0x01,0x04,0x02,0x1C,0x0C,0xC0,0x3F,0x1C,0xC0,0x02,0x09,0x02,0x16,0x92,0x60,0x4A,0x20,0x82,0x2F,0x02,
             -0x20,0x0E,0x24,0x00,0x22,0x90,0x31,0x0C,0x20,0x00,0x00},/*"您",27*/
  44          {0x82,0x00,0x02,0x01,0x22,0x06,0x22,0x38,0x22,0x04,0x22,0x03,0x22,0x00,0xFE,0xFF,0xA2,0x00,0x22,0x01,0x22,
             -0x02,0x22,0x3C,0x22,0x02,0x02,0x01,0x02,0x00,0x00,0x00},/*"坐",28*/
  45          {0x01,0x08,0xC2,0x08,0x44,0x0F,0x28,0xF8,0x30,0x08,0xCE,0x0F,0x04,0x01,0x00,0x41,0x02,0x41,0x01,0x41,0xFE,
             -0x4F,0x00,0x51,0x00,0x61,0x00,0x41,0x00,0x01,0x00,0x00},/*"好",29*/
  46          {0x42,0x08,0x81,0x08,0xFE,0xFF,0x00,0x09,0x01,0x0A,0x01,0x01,0x02,0x11,0x0C,0x11,0x30,0x11,0xC0,0xFF,0x30,
             -0x11,0x08,0x11,0x06,0x11,0x03,0x11,0x02,0x01,0x00,0x00},/*"扶",30*/
  47          {0x20,0x08,0xC0,0x48,0x00,0x4B,0xFF,0x7F,0x00,0x89,0x9C,0x88,0x00,0x10,0xBC,0x2A,0x82,0xCA,0xC2,0x4A,0xB2,
             -0x5A,0x82,0x6A,0xAE,0x0A,0x90,0x0F,0x0C,0x00,0x00,0x00},/*"稳",31*/
  48          {0x00,0x00,0x00,0x00,0x00,0x00,0xFA,0x0F,0x00,0x00,0x00,0x00,0x00,0x00,0x00,0x00,0x00,0x00,0x00,0x00,0x00,
             -0x00,0x00,0x00,0x00,0x00,0x00,0x00,0x00,0x00,0x00,0x00},/*"！",32*/
  49          
  50          {0x00,0x00,0x00,0x00,0x00,0x00,0x00,0x00,0x00,0x00,0x00,0x00,0x00,0x00,0x00,0x00,0x00,0x00,0x00,0x00,0x00,
             -0x00,0x00,0x00,0x00,0x00,0x00,0x00,0x00,0x00,0x00,0x00}/* "  " */
  51          };
  52          
  53          int8 code blog[][32]={
  54          {0x00,0x00,0x00,0x00,0x00,0x00,0x00,0x00,0x00,0x00,0x00,0x00,0x00,0x00,0x00,0x00,0x00,0x00,0x00,0x00,0x00,
             -0x00,0x00,0x00,0x00,0x00,0x00,0x00,0x00,0x00,0x00,0x00},/* "  " */
  55          
  56          {0x04,0x28,0x08,0x24,0x32,0x22,0xC2,0x21,0xC2,0x26,0x34,0x38,0x04,0x04,0x08,0x18,0x30,0xF0,0xC0,0x17,0x60,
             -0x10,0x18,0x10,0x0C,0x14,0x06,0x18,0x04,0x10,0x00,0x00},/*"欢",0*/
  57          {0x02,0x02,0x04,0x82,0xF8,0x73,0x04,0x20,0x02,0x00,0xE2,0x3F,0x42,0x20,0x82,0x40,0x02,0x40,0xFA,0x3F,0x02,
             -0x20,0x42,0x20,0x22,0x20,0xC2,0x3F,0x02,0x00,0x00,0x00},/*"迎",1*/
  58          {0x00,0x00,0x01,0x02,0x02,0x42,0x04,0x22,0x18,0x3A,0xE0,0x13,0x00,0x02,0x00,0xFE,0x00,0x02,0xFC,0x03,0x02,
             -0x0A,0x02,0x72,0x02,0x22,0x02,0x06,0x1E,0x02,0x00,0x00},/*"光",2*/
  59          {0x00,0x00,0xF8,0x1F,0x00,0x00,0x00,0x00,0xFE,0x7F,0x00,0x02,0x00,0x0C,0xFE,0xF1,0x84,0x50,0x84,0x10,0xFC,
             -0x18,0x84,0x16,0x84,0x10,0xFE,0x11,0x80,0x10,0x00,0x00},/*"临",3*/
  60          {0x00,0x40,0x42,0x40,0x42,0x4C,0x44,0x4A,0x48,0x49,0x50,0xF8,0x60,0x4C,0xFF,0x4A,0x60,0x48,0x50,0xF8,0x48,
             -0x49,0x4C,0x4A,0x46,0x4C,0x44,0x40,0x40,0x40,0x00,0x00},/*"菜",4*/
  61          {0x10,0x00,0x10,0x00,0x10,0x00,0x90,0x3F,0x90,0x20,0x90,0x60,0x90,0xA8,0x90,0x26,0x90,0x20,0x90,0x24,0x92,
             -0x22,0x91,0x3C,0x82,0x00,0xFC,0x00,0x00,0x00,0x00,0x00},/*"鸟",5*/
  62          {0x00,0x04,0x00,0x04,0xFF,0xFF,0x00,0x04,0x20,0x04,0x20,0x20,0xF0,0x2F,0xAC,0x2A,0xA8,0x2A,0xE2,0xFF,0xA1,
             -0x2A,0xFE,0xAA,0xE0,0x6F,0x20,0x20,0x20,0x00,0x00,0x00},/*"博",6*/
  63          {0x10,0x00,0x10,0x18,0xA0,0x20,0x20,0x21,0x3F,0x22,0x62,0x3E,0x62,0xA5,0xA2,0x64,0xA2,0x24,0x62,0x25,0x62,
             -0x26,0x7F,0x24,0x20,0x28,0x30,0x30,0x20,0x20,0x00,0x00},/*"客",7*/
  64          {0x00,0x00,0x00,0x00,0x00,0x00,0xFA,0x0F,0x00,0x00,0x00,0x00,0x00,0x00,0x00,0x00,0x00,0x00,0x00,0x00,0x00,
             -0x00,0x00,0x00,0x00,0x00,0x00,0x00,0x00,0x00,0x00,0x00},/*"！",8*/
  65          
  66          {0x00,0x00,0x00,0x00,0x00,0x00,0x00,0x00,0x00,0x00,0x00,0x00,0x00,0x00,0x00,0x00,0x00,0x00,0x00,0x00,0x00,
             -0x00,0x00,0x00,0x00,0x00,0x00,0x00,0x00,0x00,0x00,0x00}/* "  " */
  67          
  68          };
  69          int8 code xxx[][32]={
  70          {0x00,0x00,0x00,0x00,0x00,0x00,0x00,0x00,0x00,0x00,0x00,0x00,0x00,0x00,0x00,0x00,
C51 COMPILER V7.50   1616                                                                  05/19/2006 09:10:07 PAGE 3   

  71          0x00,0x00,0x00,0x00,0x00,0x00,0x00,0x00,0x00,0x00,0x00,0x00,0x00,0x00,0x00,0x00},
  72          {0x01,0x00,0x11,0x00,0x11,0x7E,0x21,0x44,0x42,0x44,0xC2,0x44,0xA4,0x7F,0x14,0x45,0x08,0x45,0x08,0x7D,0x10,
             -0x45,0x20,0x45,0xC0,0x45,0x00,0x7D,0x00,0x00,0x00,0x00},/*"罗",2*/
  73          {0x80,0x00,0x00,0x01,0x00,0x06,0xFF,0x1F,0x00,0xE0,0x80,0x50,0x80,0x14,0x80,0x14,0x80,0x14,0xFF,0xFF,0x80,
             -0x14,0x84,0x14,0x82,0x14,0xFC,0x14,0x00,0x00,0x00,0x00},/*"伟",3*/
  74          {0x20,0x00,0xC0,0x08,0x00,0x0B,0xFF,0xFF,0x00,0x09,0xE0,0x00,0x00,0x0B,0xFF,0xFF,0x00,0x0A,0xE2,0x09,0x44,
             -0x00,0x88,0x08,0x18,0x31,0x70,0xE7,0x20,0x42,0x00,0x00},/*"彬",4*/
  75          {0x00,0x00,0x00,0x00,0x00,0x00,0x00,0x00,0x00,0x00,0x00,0x00,0x00,0x00,0x00,0x00,
  76          0x00,0x00,0x00,0x00,0x00,0x00,0x00,0x00,0x00,0x00,0x00,0x00,0x00,0x00,0x00,0x00}
  77          };
  78          void delay(void);
  79          
  80          int16 offset;
  81          
  82          void main(void){
  83   1      
  84   1      int8 i;
  85   1      int8 j;
  86   1      
  87   1      int8 *p;
  88   1      
  89   1      flag=0x10;
  90   1      n=0;
  91   1      TMOD=0x01;
  92   1      TH0=0xb1;
  93   1      TL0=0xe0;
  94   1      ET0=1;
  95   1      EA=1;
  96   1      TR0=1;
  97   1      
  98   1      p=&blog[0][0];
  99   1      //offset=96;
 100   1      while(1)
 101   1      {
 102   2       
 103   2          for(i=0;i<8;i++)
 104   2               {  
 105   3                          P2=i|0x20; 
 106   3                  P0=*(p+offset+2*i); 
 107   3                                                                                
 108   3                  delay();
 109   3                          P2=(i+8)|0x20; 
 110   3                  P0=*(p+offset+2*i+1); 
 111   3      
 112   3                  delay();
 113   3               } 
 114   2          for(i=8;i<16;i++)
 115   2               {
 116   3                   P2=(i-8)|0x10;   
 117   3                  P0=*(p+offset+2*i); 
 118   3                                                         
 119   3                  delay();
 120   3                              P2=(i+1)|0x10;
 121   3                  P0=*(p+offset+2*i+1); 
 122   3         
 123   3                  delay();              
 124   3      
 125   3               }               
 126   2                       
 127   2                                                               
 128   2               
 129   2        }
C51 COMPILER V7.50   1616                                                                  05/19/2006 09:10:07 PAGE 4   

 130   1      
 131   1      
 132   1      }
*** WARNING C280 IN LINE 85 OF 1616.C: 'j': unreferenced local variable
 133          void delay(void){
 134   1      int16 i;
 135   1      for(i=0;i<5;i++);
 136   1      
 137   1      }
 138          void timer0() interrupt 1 using 3
 139          {
 140   1          TF0=0;
 141   1          TH0=0xb1;
 142   1          TL0=0xe0;
 143   1          if(n<10)
 144   1          {
 145   2             n++;
 146   2          }
 147   1          else
 148   1          {
 149   2      
 150   2              offset+=2;
 151   2              if(offset>300)
 152   2                 offset=0;
 153   2      
 154   2              n=0;
 155   2          }
 156   1      
 157   1      
 158   1      
 159   1      }
 160          
 161          
 162          
 163          
 164          
 165          
 166          
 167          
 168          
 169          
 170          
 171          
 172          
 173          
 174          
 175          
 176          
 177          


MODULE INFORMATION:   STATIC OVERLAYABLE
   CODE SIZE        =    241    ----
   CONSTANT SIZE    =   1664    ----
   XDATA SIZE       =   ----    ----
   PDATA SIZE       =   ----    ----
   DATA SIZE        =      4       5
   IDATA SIZE       =   ----    ----
   BIT SIZE         =   ----    ----
END OF MODULE INFORMATION.


C51 COMPILATION COMPLETE.  1 WARNING(S),  0 ERROR(S)
